Copyright 1986-2021 Xilinx, Inc. All Rights Reserved.
--------------------------------------------------------------------------------------------------------------------------------------------------------------------------------------------------------
| Tool Version : Vivado v.2021.1 (win64) Build 3247384 Thu Jun 10 19:36:33 MDT 2021
| Date         : Wed Oct 27 18:14:59 2021
| Host         : FishelHPLaptop running 64-bit major release  (build 9200)
| Command      : report_timing_summary -max_paths 10 -file clk_divider_timing_summary_routed.rpt -pb clk_divider_timing_summary_routed.pb -rpx clk_divider_timing_summary_routed.rpx -warn_on_violation
| Design       : clk_divider
| Device       : 7z007s-clg400
| Speed File   : -1  PRODUCTION 1.12 2019-11-22
--------------------------------------------------------------------------------------------------------------------------------------------------------------------------------------------------------

Timing Summary Report

------------------------------------------------------------------------------------------------
| Timer Settings
| --------------
------------------------------------------------------------------------------------------------

  Enable Multi Corner Analysis               :  Yes
  Enable Pessimism Removal                   :  Yes
  Pessimism Removal Resolution               :  Nearest Common Node
  Enable Input Delay Default Clock           :  No
  Enable Preset / Clear Arcs                 :  No
  Disable Flight Delays                      :  No
  Ignore I/O Paths                           :  No
  Timing Early Launch at Borrowing Latches   :  No
  Borrow Time for Max Delay Exceptions       :  Yes
  Merge Timing Exceptions                    :  Yes

  Corner  Analyze    Analyze    
  Name    Max Paths  Min Paths  
  ------  ---------  ---------  
  Slow    Yes        Yes        
  Fast    Yes        Yes        


------------------------------------------------------------------------------------------------
| Report Methodology
| ------------------
------------------------------------------------------------------------------------------------

Rule       Severity          Description                    Violations  
---------  ----------------  -----------------------------  ----------  
TIMING-17  Critical Warning  Non-clocked sequential cell    26          
TIMING-18  Warning           Missing input or output delay  1           

Note: This report is based on the most recent report_methodology run and may not be up-to-date. Run report_methodology on the current design for the latest report.



check_timing report

Table of Contents
-----------------
1. checking no_clock (26)
2. checking constant_clock (0)
3. checking pulse_width_clock (0)
4. checking unconstrained_internal_endpoints (52)
5. checking no_input_delay (1)
6. checking no_output_delay (1)
7. checking multiple_clock (0)
8. checking generated_clocks (0)
9. checking loops (0)
10. checking partial_input_delay (0)
11. checking partial_output_delay (0)
12. checking latch_loops (0)

1. checking no_clock (26)
-------------------------
 There is 1 register/latch pin with no clock driven by root clock pin: dff_gen_label[10].dff_inst/Q (HIGH)

 There is 1 register/latch pin with no clock driven by root clock pin: dff_gen_label[11].dff_inst/Q (HIGH)

 There is 1 register/latch pin with no clock driven by root clock pin: dff_gen_label[12].dff_inst/Q (HIGH)

 There is 1 register/latch pin with no clock driven by root clock pin: dff_gen_label[13].dff_inst/Q (HIGH)

 There is 1 register/latch pin with no clock driven by root clock pin: dff_gen_label[14].dff_inst/Q (HIGH)

 There is 1 register/latch pin with no clock driven by root clock pin: dff_gen_label[15].dff_inst/Q (HIGH)

 There is 1 register/latch pin with no clock driven by root clock pin: dff_gen_label[16].dff_inst/Q (HIGH)

 There is 1 register/latch pin with no clock driven by root clock pin: dff_gen_label[17].dff_inst/Q (HIGH)

 There is 1 register/latch pin with no clock driven by root clock pin: dff_gen_label[18].dff_inst/Q (HIGH)

 There is 1 register/latch pin with no clock driven by root clock pin: dff_gen_label[19].dff_inst/Q (HIGH)

 There is 1 register/latch pin with no clock driven by root clock pin: dff_gen_label[1].dff_inst/Q (HIGH)

 There is 1 register/latch pin with no clock driven by root clock pin: dff_gen_label[20].dff_inst/Q (HIGH)

 There is 1 register/latch pin with no clock driven by root clock pin: dff_gen_label[21].dff_inst/Q (HIGH)

 There is 1 register/latch pin with no clock driven by root clock pin: dff_gen_label[22].dff_inst/Q (HIGH)

 There is 1 register/latch pin with no clock driven by root clock pin: dff_gen_label[23].dff_inst/Q (HIGH)

 There is 1 register/latch pin with no clock driven by root clock pin: dff_gen_label[24].dff_inst/Q (HIGH)

 There is 1 register/latch pin with no clock driven by root clock pin: dff_gen_label[25].dff_inst/Q (HIGH)

 There is 1 register/latch pin with no clock driven by root clock pin: dff_gen_label[2].dff_inst/Q (HIGH)

 There is 1 register/latch pin with no clock driven by root clock pin: dff_gen_label[3].dff_inst/Q (HIGH)

 There is 1 register/latch pin with no clock driven by root clock pin: dff_gen_label[4].dff_inst/Q (HIGH)

 There is 1 register/latch pin with no clock driven by root clock pin: dff_gen_label[5].dff_inst/Q (HIGH)

 There is 1 register/latch pin with no clock driven by root clock pin: dff_gen_label[6].dff_inst/Q (HIGH)

 There is 1 register/latch pin with no clock driven by root clock pin: dff_gen_label[7].dff_inst/Q (HIGH)

 There is 1 register/latch pin with no clock driven by root clock pin: dff_gen_label[8].dff_inst/Q (HIGH)

 There is 1 register/latch pin with no clock driven by root clock pin: dff_gen_label[9].dff_inst/Q (HIGH)

 There is 1 register/latch pin with no clock driven by root clock pin: dff_inst0/Q (HIGH)


2. checking constant_clock (0)
------------------------------
 There are 0 register/latch pins with constant_clock.


3. checking pulse_width_clock (0)
---------------------------------
 There are 0 register/latch pins which need pulse_width check


4. checking unconstrained_internal_endpoints (52)
-------------------------------------------------
 There are 52 pins that are not constrained for maximum delay. (HIGH)

 There are 0 pins that are not constrained for maximum delay due to constant clock.


5. checking no_input_delay (1)
------------------------------
 There is 1 input port with no input delay specified. (HIGH)

 There are 0 input ports with no input delay but user has a false path constraint.


6. checking no_output_delay (1)
-------------------------------
 There is 1 port with no output delay specified. (HIGH)

 There are 0 ports with no output delay but user has a false path constraint

 There are 0 ports with no output delay but with a timing clock defined on it or propagating through it


7. checking multiple_clock (0)
------------------------------
 There are 0 register/latch pins with multiple clocks.


8. checking generated_clocks (0)
--------------------------------
 There are 0 generated clocks that are not connected to a clock source.


9. checking loops (0)
---------------------
 There are 0 combinational loops in the design.


10. checking partial_input_delay (0)
------------------------------------
 There are 0 input ports with partial input delay specified.


11. checking partial_output_delay (0)
-------------------------------------
 There are 0 ports with partial output delay specified.


12. checking latch_loops (0)
----------------------------
 There are 0 combinational latch loops in the design through latch input



------------------------------------------------------------------------------------------------
| Design Timing Summary
| ---------------------
------------------------------------------------------------------------------------------------

    WNS(ns)      TNS(ns)  TNS Failing Endpoints  TNS Total Endpoints      WHS(ns)      THS(ns)  THS Failing Endpoints  THS Total Endpoints     WPWS(ns)     TPWS(ns)  TPWS Failing Endpoints  TPWS Total Endpoints  
    -------      -------  ---------------------  -------------------      -------      -------  ---------------------  -------------------     --------     --------  ----------------------  --------------------  
      8.148        0.000                      0                    1        0.567        0.000                      0                    1        3.500        0.000                       0                     2  


All user specified timing constraints are met.


------------------------------------------------------------------------------------------------
| Clock Summary
| -------------
------------------------------------------------------------------------------------------------

Clock        Waveform(ns)       Period(ns)      Frequency(MHz)
-----        ------------       ----------      --------------
sys_clk_pin  {0.000 4.000}      10.000          100.000         


------------------------------------------------------------------------------------------------
| Intra Clock Table
| -----------------
------------------------------------------------------------------------------------------------

Clock             WNS(ns)      TNS(ns)  TNS Failing Endpoints  TNS Total Endpoints      WHS(ns)      THS(ns)  THS Failing Endpoints  THS Total Endpoints     WPWS(ns)     TPWS(ns)  TPWS Failing Endpoints  TPWS Total Endpoints  
-----             -------      -------  ---------------------  -------------------      -------      -------  ---------------------  -------------------     --------     --------  ----------------------  --------------------  
sys_clk_pin         8.148        0.000                      0                    1        0.567        0.000                      0                    1        3.500        0.000                       0                     2  


------------------------------------------------------------------------------------------------
| Inter Clock Table
| -----------------
------------------------------------------------------------------------------------------------

From Clock    To Clock          WNS(ns)      TNS(ns)  TNS Failing Endpoints  TNS Total Endpoints      WHS(ns)      THS(ns)  THS Failing Endpoints  THS Total Endpoints  
----------    --------          -------      -------  ---------------------  -------------------      -------      -------  ---------------------  -------------------  


------------------------------------------------------------------------------------------------
| Other Path Groups Table
| -----------------------
------------------------------------------------------------------------------------------------

Path Group    From Clock    To Clock          WNS(ns)      TNS(ns)  TNS Failing Endpoints  TNS Total Endpoints      WHS(ns)      THS(ns)  THS Failing Endpoints  THS Total Endpoints  
----------    ----------    --------          -------      -------  ---------------------  -------------------      -------      -------  ---------------------  -------------------  


------------------------------------------------------------------------------------------------
| Timing Details
| --------------
------------------------------------------------------------------------------------------------


---------------------------------------------------------------------------------------------------
From Clock:  sys_clk_pin
  To Clock:  sys_clk_pin

Setup :            0  Failing Endpoints,  Worst Slack        8.148ns,  Total Violation        0.000ns
Hold  :            0  Failing Endpoints,  Worst Slack        0.567ns,  Total Violation        0.000ns
PW    :            0  Failing Endpoints,  Worst Slack        3.500ns,  Total Violation        0.000ns
---------------------------------------------------------------------------------------------------


Max Delay Paths
--------------------------------------------------------------------------------------
Slack (MET) :             8.148ns  (required time - arrival time)
  Source:                 dff_inst0/C
                            (rising edge-triggered cell FDCE clocked by sys_clk_pin  {rise@0.000ns fall@4.000ns period=10.000ns})
  Destination:            dff_inst0/D
                            (rising edge-triggered cell FDCE clocked by sys_clk_pin  {rise@0.000ns fall@4.000ns period=10.000ns})
  Path Group:             sys_clk_pin
  Path Type:              Setup (Max at Slow Process Corner)
  Requirement:            10.000ns  (sys_clk_pin rise@10.000ns - sys_clk_pin rise@0.000ns)
  Data Path Delay:        1.846ns  (logic 0.580ns (31.422%)  route 1.266ns (68.578%))
  Logic Levels:           1  (LUT1=1)
  Clock Path Skew:        0.000ns (DCD - SCD + CPR)
    Destination Clock Delay (DCD):    4.926ns = ( 14.926 - 10.000 ) 
    Source Clock Delay      (SCD):    5.379ns
    Clock Pessimism Removal (CPR):    0.453ns
  Clock Uncertainty:      0.035ns  ((TSJ^2 + TIJ^2)^1/2 + DJ) / 2 + PE
    Total System Jitter     (TSJ):    0.071ns
    Total Input Jitter      (TIJ):    0.000ns
    Discrete Jitter          (DJ):    0.000ns
    Phase Error              (PE):    0.000ns

    Location             Delay type                Incr(ns)  Path(ns)    Netlist Resource(s)
  -------------------------------------------------------------------    -------------------
                         (clock sys_clk_pin rise edge)
                                                      0.000     0.000 r  
    H16                                               0.000     0.000 r  clk (IN)
                         net (fo=0)                   0.000     0.000    clk
    H16                  IBUF (Prop_ibuf_I_O)         1.457     1.457 r  clk_IBUF_inst/O
                         net (fo=1, routed)           2.076     3.533    clk_IBUF
    BUFGCTRL_X0Y16       BUFG (Prop_bufg_I_O)         0.101     3.634 r  clk_IBUF_BUFG_inst/O
                         net (fo=1, routed)           1.745     5.379    clk_IBUF_BUFG
    SLICE_X40Y30         FDCE                                         r  dff_inst0/C
  -------------------------------------------------------------------    -------------------
    SLICE_X40Y30         FDCE (Prop_fdce_C_Q)         0.456     5.835 f  dff_inst0/Q
                         net (fo=2, routed)           1.266     7.101    clkdiv_0
    SLICE_X40Y30         LUT1 (Prop_lut1_I0_O)        0.124     7.225 r  dff_inst0_i_1/O
                         net (fo=1, routed)           0.000     7.225    din[0]
    SLICE_X40Y30         FDCE                                         r  dff_inst0/D
  -------------------------------------------------------------------    -------------------

                         (clock sys_clk_pin rise edge)
                                                     10.000    10.000 r  
    H16                                               0.000    10.000 r  clk (IN)
                         net (fo=0)                   0.000    10.000    clk
    H16                  IBUF (Prop_ibuf_I_O)         1.387    11.387 r  clk_IBUF_inst/O
                         net (fo=1, routed)           1.880    13.267    clk_IBUF
    BUFGCTRL_X0Y16       BUFG (Prop_bufg_I_O)         0.091    13.358 r  clk_IBUF_BUFG_inst/O
                         net (fo=1, routed)           1.568    14.926    clk_IBUF_BUFG
    SLICE_X40Y30         FDCE                                         r  dff_inst0/C
                         clock pessimism              0.453    15.379    
                         clock uncertainty           -0.035    15.344    
    SLICE_X40Y30         FDCE (Setup_fdce_C_D)        0.029    15.373    dff_inst0
  -------------------------------------------------------------------
                         required time                         15.373    
                         arrival time                          -7.225    
  -------------------------------------------------------------------
                         slack                                  8.148    





Min Delay Paths
--------------------------------------------------------------------------------------
Slack (MET) :             0.567ns  (arrival time - required time)
  Source:                 dff_inst0/C
                            (rising edge-triggered cell FDCE clocked by sys_clk_pin  {rise@0.000ns fall@4.000ns period=10.000ns})
  Destination:            dff_inst0/D
                            (rising edge-triggered cell FDCE clocked by sys_clk_pin  {rise@0.000ns fall@4.000ns period=10.000ns})
  Path Group:             sys_clk_pin
  Path Type:              Hold (Min at Fast Process Corner)
  Requirement:            0.000ns  (sys_clk_pin rise@0.000ns - sys_clk_pin rise@0.000ns)
  Data Path Delay:        0.658ns  (logic 0.186ns (28.274%)  route 0.472ns (71.726%))
  Logic Levels:           1  (LUT1=1)
  Clock Path Skew:        0.000ns (DCD - SCD - CPR)
    Destination Clock Delay (DCD):    1.978ns
    Source Clock Delay      (SCD):    1.464ns
    Clock Pessimism Removal (CPR):    0.514ns

    Location             Delay type                Incr(ns)  Path(ns)    Netlist Resource(s)
  -------------------------------------------------------------------    -------------------
                         (clock sys_clk_pin rise edge)
                                                      0.000     0.000 r  
    H16                                               0.000     0.000 r  clk (IN)
                         net (fo=0)                   0.000     0.000    clk
    H16                  IBUF (Prop_ibuf_I_O)         0.225     0.225 r  clk_IBUF_inst/O
                         net (fo=1, routed)           0.627     0.852    clk_IBUF
    BUFGCTRL_X0Y16       BUFG (Prop_bufg_I_O)         0.026     0.878 r  clk_IBUF_BUFG_inst/O
                         net (fo=1, routed)           0.586     1.464    clk_IBUF_BUFG
    SLICE_X40Y30         FDCE                                         r  dff_inst0/C
  -------------------------------------------------------------------    -------------------
    SLICE_X40Y30         FDCE (Prop_fdce_C_Q)         0.141     1.605 f  dff_inst0/Q
                         net (fo=2, routed)           0.472     2.077    clkdiv_0
    SLICE_X40Y30         LUT1 (Prop_lut1_I0_O)        0.045     2.122 r  dff_inst0_i_1/O
                         net (fo=1, routed)           0.000     2.122    din[0]
    SLICE_X40Y30         FDCE                                         r  dff_inst0/D
  -------------------------------------------------------------------    -------------------

                         (clock sys_clk_pin rise edge)
                                                      0.000     0.000 r  
    H16                                               0.000     0.000 r  clk (IN)
                         net (fo=0)                   0.000     0.000    clk
    H16                  IBUF (Prop_ibuf_I_O)         0.413     0.413 r  clk_IBUF_inst/O
                         net (fo=1, routed)           0.683     1.096    clk_IBUF
    BUFGCTRL_X0Y16       BUFG (Prop_bufg_I_O)         0.029     1.125 r  clk_IBUF_BUFG_inst/O
                         net (fo=1, routed)           0.853     1.978    clk_IBUF_BUFG
    SLICE_X40Y30         FDCE                                         r  dff_inst0/C
                         clock pessimism             -0.514     1.464    
    SLICE_X40Y30         FDCE (Hold_fdce_C_D)         0.091     1.555    dff_inst0
  -------------------------------------------------------------------
                         required time                         -1.555    
                         arrival time                           2.122    
  -------------------------------------------------------------------
                         slack                                  0.567    





Pulse Width Checks
--------------------------------------------------------------------------------------
Clock Name:         sys_clk_pin
Waveform(ns):       { 0.000 4.000 }
Period(ns):         10.000
Sources:            { clk }

Check Type        Corner  Lib Pin  Reference Pin  Required(ns)  Actual(ns)  Slack(ns)  Location        Pin
Min Period        n/a     BUFG/I   n/a            2.155         10.000      7.845      BUFGCTRL_X0Y16  clk_IBUF_BUFG_inst/I
Min Period        n/a     FDCE/C   n/a            1.000         10.000      9.000      SLICE_X40Y30    dff_inst0/C
Low Pulse Width   Slow    FDCE/C   n/a            0.500         6.000       5.500      SLICE_X40Y30    dff_inst0/C
Low Pulse Width   Fast    FDCE/C   n/a            0.500         6.000       5.500      SLICE_X40Y30    dff_inst0/C
High Pulse Width  Slow    FDCE/C   n/a            0.500         4.000       3.500      SLICE_X40Y30    dff_inst0/C
High Pulse Width  Fast    FDCE/C   n/a            0.500         4.000       3.500      SLICE_X40Y30    dff_inst0/C



