#-----------------------------------------------------------
# Vivado v2021.1 (64-bit)
# SW Build 3247384 on Thu Jun 10 19:36:33 MDT 2021
# IP Build 3246043 on Fri Jun 11 00:30:35 MDT 2021
# Start of session at: Thu Oct 28 10:34:13 2021
# Process ID: 20916
# Current directory: D:/Libraries/Documents/Vivado Projects/Lab 7/requirement_2
# Command line: vivado.exe -gui_launcher_event rodinguilauncherevent9036 D:\Libraries\Documents\Vivado Projects\Lab 7\requirement_2\requirement_2.xpr
# Log file: D:/Libraries/Documents/Vivado Projects/Lab 7/requirement_2/vivado.log
# Journal file: D:/Libraries/Documents/Vivado Projects/Lab 7/requirement_2\vivado.jou
#-----------------------------------------------------------
start_gui
open_project {D:/Libraries/Documents/Vivado Projects/Lab 7/requirement_2/requirement_2.xpr}
WARNING: [filemgmt 56-3] Default IP Output Path : Could not find the directory 'D:/Libraries/Documents/Vivado Projects/Lab 7/requirement_2/requirement_2.gen/sources_1'.
Scanning sources...
Finished scanning sources
INFO: [IP_Flow 19-234] Refreshing IP repositories
INFO: [IP_Flow 19-1704] No user IP repositories specified
INFO: [IP_Flow 19-2313] Loaded Vivado IP repository 'D:/Programs/Utility/Vivado/Vivado/2021.1/data/ip'.
open_project: Time (s): cpu = 00:00:30 ; elapsed = 00:00:12 . Memory (MB): peak = 1122.902 ; gain = 0.000
update_compile_order -fileset sources_1
launch_simulation
Command: launch_simulation 
INFO: [Vivado 12-12493] Simulation top is 'nor_latch_t'
INFO: [Vivado 12-5682] Launching behavioral simulation in 'D:/Libraries/Documents/Vivado Projects/Lab 7/requirement_2/requirement_2.sim/sim_1/behav/xsim'
INFO: [SIM-utils-51] Simulation object is 'sim_1'
INFO: [SIM-utils-72] Using boost library from 'D:/Programs/Utility/Vivado/Vivado/2021.1/tps/boost_1_72_0'
INFO: [SIM-utils-54] Inspecting design source files for 'nor_latch_t' in fileset 'sim_1'...
INFO: [USF-XSim-97] Finding global include files...
INFO: [USF-XSim-98] Fetching design files from 'sim_1'...
INFO: [USF-XSim-2] XSim::Compile design
INFO: [USF-XSim-61] Executing 'COMPILE and ANALYZE' step in 'D:/Libraries/Documents/Vivado Projects/Lab 7/requirement_2/requirement_2.sim/sim_1/behav/xsim'
"xvlog --incr --relax -prj nor_latch_t_vlog.prj"
INFO: [USF-XSim-69] 'compile' step finished in '2' seconds
INFO: [USF-XSim-3] XSim::Elaborate design
INFO: [USF-XSim-61] Executing 'ELABORATE' step in 'D:/Libraries/Documents/Vivado Projects/Lab 7/requirement_2/requirement_2.sim/sim_1/behav/xsim'
"xelab -wto ddbc3ec7e0ea4fea8bb1dcfb73ddae05 --incr --debug typical --relax --mt 2 -L xil_defaultlib -L unisims_ver -L unimacro_ver -L secureip --snapshot nor_latch_t_behav xil_defaultlib.nor_latch_t xil_defaultlib.glbl -log elaborate.log"
Vivado Simulator v2021.1
Copyright 1986-1999, 2001-2021 Xilinx, Inc. All Rights Reserved.
Running: D:/Programs/Utility/Vivado/Vivado/2021.1/bin/unwrapped/win64.o/xelab.exe -wto ddbc3ec7e0ea4fea8bb1dcfb73ddae05 --incr --debug typical --relax --mt 2 -L xil_defaultlib -L unisims_ver -L unimacro_ver -L secureip --snapshot nor_latch_t_behav xil_defaultlib.nor_latch_t xil_defaultlib.glbl -log elaborate.log 
Using 2 slave threads.
Starting static elaboration
Pass Through NonSizing Optimizer
Completed static elaboration
INFO: [XSIM 43-4323] No Change in HDL. Linking previously generated obj files to create kernel
INFO: [USF-XSim-69] 'elaborate' step finished in '4' seconds
INFO: [USF-XSim-4] XSim::Simulate design
INFO: [USF-XSim-61] Executing 'SIMULATE' step in 'D:/Libraries/Documents/Vivado Projects/Lab 7/requirement_2/requirement_2.sim/sim_1/behav/xsim'
INFO: [USF-XSim-98] *** Running xsim
   with args "nor_latch_t_behav -key {Behavioral:sim_1:Functional:nor_latch_t} -tclbatch {nor_latch_t.tcl} -log {simulate.log}"
INFO: [USF-XSim-8] Loading simulator feature
Time resolution is 1 ps
source nor_latch_t.tcl
# set curr_wave [current_wave_config]
# if { [string length $curr_wave] == 0 } {
#   if { [llength [get_objects]] > 0} {
#     add_wave /
#     set_property needs_save false [current_wave_config]
#   } else {
#      send_msg_id Add_Wave-1 WARNING "No top level signals found. Simulator will start without a wave window. If you want to open a wave window go to 'File->New Waveform Configuration' or type 'create_wave_config' in the TCL console."
#   }
# }
# run 1000ns
INFO: [USF-XSim-96] XSim completed. Design snapshot 'nor_latch_t_behav' loaded.
INFO: [USF-XSim-97] XSim simulation ran for 1000ns
launch_simulation: Time (s): cpu = 00:00:14 ; elapsed = 00:00:11 . Memory (MB): peak = 1122.902 ; gain = 0.000
close_sim
INFO: [Common 17-41] Interrupt caught. Command should exit soon.
INFO: [Simtcl 6-16] Simulation closed
close_sim: Time (s): cpu = 00:00:02 ; elapsed = 00:00:06 . Memory (MB): peak = 1122.902 ; gain = 0.000
INFO: [Common 17-344] 'close_sim' was cancelled
exit
INFO: [Common 17-206] Exiting Vivado at Thu Oct 28 10:43:19 2021...
