#-----------------------------------------------------------
# Vivado v2021.1 (64-bit)
# SW Build 3247384 on Thu Jun 10 19:36:33 MDT 2021
# IP Build 3246043 on Fri Jun 11 00:30:35 MDT 2021
# Start of session at: Thu Oct 28 10:36:59 2021
# Process ID: 20816
# Current directory: D:/Libraries/Documents/Vivado Projects/Lab 7/requirement_3c
# Command line: vivado.exe -gui_launcher_event rodinguilauncherevent3332 D:\Libraries\Documents\Vivado Projects\Lab 7\requirement_3c\requirement_3c.xpr
# Log file: D:/Libraries/Documents/Vivado Projects/Lab 7/requirement_3c/vivado.log
# Journal file: D:/Libraries/Documents/Vivado Projects/Lab 7/requirement_3c\vivado.jou
#-----------------------------------------------------------
start_gui
open_project {D:/Libraries/Documents/Vivado Projects/Lab 7/requirement_3c/requirement_3c.xpr}
WARNING: [filemgmt 56-3] Default IP Output Path : Could not find the directory 'D:/Libraries/Documents/Vivado Projects/Lab 7/requirement_3c/requirement_3c.gen/sources_1'.
Scanning sources...
Finished scanning sources
INFO: [IP_Flow 19-234] Refreshing IP repositories
INFO: [IP_Flow 19-1704] No user IP repositories specified
INFO: [IP_Flow 19-2313] Loaded Vivado IP repository 'D:/Programs/Utility/Vivado/Vivado/2021.1/data/ip'.
open_project: Time (s): cpu = 00:00:28 ; elapsed = 00:00:14 . Memory (MB): peak = 1504.293 ; gain = 0.000
update_compile_order -fileset sources_1
launch_simulation
Command: launch_simulation 
INFO: [Vivado 12-12493] Simulation top is 'd_latch_tb'
INFO: [Vivado 12-5682] Launching behavioral simulation in 'D:/Libraries/Documents/Vivado Projects/Lab 7/requirement_3c/requirement_3c.sim/sim_1/behav/xsim'
INFO: [SIM-utils-51] Simulation object is 'sim_1'
INFO: [SIM-utils-72] Using boost library from 'D:/Programs/Utility/Vivado/Vivado/2021.1/tps/boost_1_72_0'
INFO: [SIM-utils-54] Inspecting design source files for 'd_latch_tb' in fileset 'sim_1'...
INFO: [USF-XSim-97] Finding global include files...
INFO: [USF-XSim-98] Fetching design files from 'sim_1'...
INFO: [USF-XSim-2] XSim::Compile design
INFO: [USF-XSim-61] Executing 'COMPILE and ANALYZE' step in 'D:/Libraries/Documents/Vivado Projects/Lab 7/requirement_3c/requirement_3c.sim/sim_1/behav/xsim'
"xvlog --incr --relax -prj d_latch_tb_vlog.prj"
INFO: [USF-XSim-69] 'compile' step finished in '3' seconds
INFO: [USF-XSim-3] XSim::Elaborate design
INFO: [USF-XSim-61] Executing 'ELABORATE' step in 'D:/Libraries/Documents/Vivado Projects/Lab 7/requirement_3c/requirement_3c.sim/sim_1/behav/xsim'
"xelab -wto 65ebe1ae1fe2424bbf744b1f2b1e2b53 --incr --debug typical --relax --mt 2 -L xil_defaultlib -L unisims_ver -L unimacro_ver -L secureip --snapshot d_latch_tb_behav xil_defaultlib.d_latch_tb xil_defaultlib.glbl -log elaborate.log"
Vivado Simulator v2021.1
Copyright 1986-1999, 2001-2021 Xilinx, Inc. All Rights Reserved.
Running: D:/Programs/Utility/Vivado/Vivado/2021.1/bin/unwrapped/win64.o/xelab.exe -wto 65ebe1ae1fe2424bbf744b1f2b1e2b53 --incr --debug typical --relax --mt 2 -L xil_defaultlib -L unisims_ver -L unimacro_ver -L secureip --snapshot d_latch_tb_behav xil_defaultlib.d_latch_tb xil_defaultlib.glbl -log elaborate.log 
Using 2 slave threads.
Starting static elaboration
Pass Through NonSizing Optimizer
Completed static elaboration
INFO: [XSIM 43-4323] No Change in HDL. Linking previously generated obj files to create kernel
INFO: [USF-XSim-69] 'elaborate' step finished in '5' seconds
INFO: [USF-XSim-4] XSim::Simulate design
INFO: [USF-XSim-61] Executing 'SIMULATE' step in 'D:/Libraries/Documents/Vivado Projects/Lab 7/requirement_3c/requirement_3c.sim/sim_1/behav/xsim'
INFO: [USF-XSim-98] *** Running xsim
   with args "d_latch_tb_behav -key {Behavioral:sim_1:Functional:d_latch_tb} -tclbatch {d_latch_tb.tcl} -log {simulate.log}"
INFO: [USF-XSim-8] Loading simulator feature
Time resolution is 1 ps
source d_latch_tb.tcl
# set curr_wave [current_wave_config]
# if { [string length $curr_wave] == 0 } {
#   if { [llength [get_objects]] > 0} {
#     add_wave /
#     set_property needs_save false [current_wave_config]
#   } else {
#      send_msg_id Add_Wave-1 WARNING "No top level signals found. Simulator will start without a wave window. If you want to open a wave window go to 'File->New Waveform Configuration' or type 'create_wave_config' in the TCL console."
#   }
# }
# run 1000ns
xsim: Time (s): cpu = 00:00:10 ; elapsed = 00:00:05 . Memory (MB): peak = 1504.293 ; gain = 0.000
INFO: [USF-XSim-96] XSim completed. Design snapshot 'd_latch_tb_behav' loaded.
INFO: [USF-XSim-97] XSim simulation ran for 1000ns
launch_simulation: Time (s): cpu = 00:00:13 ; elapsed = 00:00:14 . Memory (MB): peak = 1504.293 ; gain = 0.000
close_sim
INFO: [Simtcl 6-16] Simulation closed
exit
INFO: [Common 17-206] Exiting Vivado at Thu Oct 28 10:43:10 2021...
