#-----------------------------------------------------------
# Vivado v2021.1 (64-bit)
# SW Build 3247384 on Thu Jun 10 19:36:33 MDT 2021
# IP Build 3246043 on Fri Jun 11 00:30:35 MDT 2021
# Start of session at: Wed Oct 27 21:40:46 2021
# Process ID: 10180
# Current directory: D:/Libraries/Documents/Vivado Projects/Lab 8/requirement_4
# Command line: vivado.exe -gui_launcher_event rodinguilauncherevent22448 D:\Libraries\Documents\Vivado Projects\Lab 8\requirement_4\requirement_4.xpr
# Log file: D:/Libraries/Documents/Vivado Projects/Lab 8/requirement_4/vivado.log
# Journal file: D:/Libraries/Documents/Vivado Projects/Lab 8/requirement_4\vivado.jou
#-----------------------------------------------------------
start_gui
open_project {D:/Libraries/Documents/Vivado Projects/Lab 8/requirement_4/requirement_4.xpr}
WARNING: [filemgmt 56-3] Default IP Output Path : Could not find the directory 'D:/Libraries/Documents/Vivado Projects/Lab 8/requirement_4/requirement_4.gen/sources_1'.
Scanning sources...
Finished scanning sources
INFO: [IP_Flow 19-234] Refreshing IP repositories
INFO: [IP_Flow 19-1704] No user IP repositories specified
INFO: [IP_Flow 19-2313] Loaded Vivado IP repository 'D:/Xilinx/Vivado/2021.1/data/ip'.
update_compile_order -fileset sources_1
reset_run synth_1
WARNING: [Vivado 12-1017] Problems encountered:
1. Failed to delete one or more files in run directory D:/Libraries/Documents/Vivado Projects/Lab 8/requirement_4/requirement_4.runs/synth_1

launch_runs impl_1 -to_step write_bitstream -jobs 8
[Wed Oct 27 21:41:26 2021] Launched synth_1...
Run output will be captured here: D:/Libraries/Documents/Vivado Projects/Lab 8/requirement_4/requirement_4.runs/synth_1/runme.log
[Wed Oct 27 21:41:26 2021] Launched impl_1...
Run output will be captured here: D:/Libraries/Documents/Vivado Projects/Lab 8/requirement_4/requirement_4.runs/impl_1/runme.log
open_hw_manager
connect_hw_server -allow_non_jtag
INFO: [Labtools 27-2285] Connecting to hw_server url TCP:localhost:3121
INFO: [Labtools 27-2222] Launching hw_server...
INFO: [Labtools 27-2221] Launch Output:

****** Xilinx hw_server v2021.1
  **** Build date : Jun 10 2021 at 20:17:23
    ** Copyright 1986-2021 Xilinx, Inc. All Rights Reserved.


INFO: [Labtools 27-3415] Connecting to cs_server url TCP:localhost:3042
INFO: [Labtools 27-3417] Launching cs_server...
INFO: [Labtools 27-2221] Launch Output:


******** Xilinx cs_server v2021.1
  ****** Build date   : May 26 2021-10:32:33
    **** Build number : 2021.1.1622050353
      ** Copyright 2017-2021 Xilinx, Inc. All Rights Reserved.



connect_hw_server: Time (s): cpu = 00:00:01 ; elapsed = 00:00:08 . Memory (MB): peak = 1462.508 ; gain = 0.000
open_hw_target
INFO: [Labtoolstcl 44-466] Opening hw_target localhost:3121/xilinx_tcf/Xilinx/887200000190A
open_hw_target: Time (s): cpu = 00:00:05 ; elapsed = 00:00:08 . Memory (MB): peak = 2762.754 ; gain = 1300.246
set_property PROGRAM.FILE {D:/Libraries/Documents/Vivado Projects/Lab 8/requirement_4/requirement_4.runs/impl_1/single_seg.bit} [get_hw_devices xc7z007s_1]
current_hw_device [get_hw_devices xc7z007s_1]
refresh_hw_device -update_hw_probes false [lindex [get_hw_devices xc7z007s_1] 0]
INFO: [Labtools 27-1434] Device xc7z007s (JTAG device index = 1) is programmed with a design that has no supported debug core(s) in it.
set_property PROBES.FILE {} [get_hw_devices xc7z007s_1]
set_property FULL_PROBES.FILE {} [get_hw_devices xc7z007s_1]
set_property PROGRAM.FILE {D:/Libraries/Documents/Vivado Projects/Lab 8/requirement_4/requirement_4.runs/impl_1/single_seg.bit} [get_hw_devices xc7z007s_1]
program_hw_devices [get_hw_devices xc7z007s_1]
INFO: [Labtools 27-3164] End of startup status: HIGH
refresh_hw_device [lindex [get_hw_devices xc7z007s_1] 0]
INFO: [Labtools 27-1434] Device xc7z007s (JTAG device index = 1) is programmed with a design that has no supported debug core(s) in it.
reset_run synth_1
WARNING: [Vivado 12-1017] Problems encountered:
1. Failed to delete one or more files in run directory D:/Libraries/Documents/Vivado Projects/Lab 8/requirement_4/requirement_4.runs/synth_1

launch_runs impl_1 -to_step write_bitstream -jobs 8
[Wed Oct 27 21:44:35 2021] Launched synth_1...
Run output will be captured here: D:/Libraries/Documents/Vivado Projects/Lab 8/requirement_4/requirement_4.runs/synth_1/runme.log
[Wed Oct 27 21:44:35 2021] Launched impl_1...
Run output will be captured here: D:/Libraries/Documents/Vivado Projects/Lab 8/requirement_4/requirement_4.runs/impl_1/runme.log
set_property PROBES.FILE {} [get_hw_devices xc7z007s_1]
set_property FULL_PROBES.FILE {} [get_hw_devices xc7z007s_1]
set_property PROGRAM.FILE {D:/Libraries/Documents/Vivado Projects/Lab 8/requirement_4/requirement_4.runs/impl_1/single_seg.bit} [get_hw_devices xc7z007s_1]
program_hw_devices [get_hw_devices xc7z007s_1]
INFO: [Labtools 27-3164] End of startup status: HIGH
refresh_hw_device [lindex [get_hw_devices xc7z007s_1] 0]
INFO: [Labtools 27-1434] Device xc7z007s (JTAG device index = 1) is programmed with a design that has no supported debug core(s) in it.
exit
INFO: [Common 17-206] Exiting Vivado at Wed Oct 27 23:26:36 2021...
