Copyright 1986-2021 Xilinx, Inc. All Rights Reserved.
------------------------------------------------------------------------------------
| Tool Version : Vivado v.2021.1 (win64) Build 3247384 Thu Jun 10 19:36:33 MDT 2021
| Date         : Wed Nov 17 13:52:36 2021
| Host         : FishelHPLaptop running 64-bit major release  (build 9200)
| Command      : report_control_sets -verbose -file wrapper_control_sets_placed.rpt
| Design       : wrapper
| Device       : xc7z007s
------------------------------------------------------------------------------------

Control Set Information

Table of Contents
-----------------
1. Summary
2. Histogram
3. Flip-Flop Distribution
4. Detailed Control Set Information

1. Summary
----------

+----------------------------------------------------------+-------+
|                          Status                          | Count |
+----------------------------------------------------------+-------+
| Total control sets                                       |     7 |
|    Minimum number of control sets                        |     7 |
|    Addition due to synthesis replication                 |     0 |
|    Addition due to physical synthesis replication        |     0 |
| Unused register locations in slices containing registers |    32 |
+----------------------------------------------------------+-------+
* Control sets can be merged at opt_design using control_set_merge or merge_equivalent_drivers
** Run report_qor_suggestions for automated merging and remapping suggestions


2. Histogram
------------

+--------------------+-------+
|       Fanout       | Count |
+--------------------+-------+
| Total control sets |     7 |
| >= 0 to < 4        |     1 |
| >= 4 to < 6        |     4 |
| >= 6 to < 8        |     0 |
| >= 8 to < 10       |     0 |
| >= 10 to < 12      |     0 |
| >= 12 to < 14      |     0 |
| >= 14 to < 16      |     0 |
| >= 16              |     2 |
+--------------------+-------+
* Control sets can be remapped at either synth_design or opt_design


3. Flip-Flop Distribution
-------------------------

+--------------+-----------------------+------------------------+-----------------+--------------+
| Clock Enable | Synchronous Set/Reset | Asynchronous Set/Reset | Total Registers | Total Slices |
+--------------+-----------------------+------------------------+-----------------+--------------+
| No           | No                    | No                     |              18 |            6 |
| No           | No                    | Yes                    |              17 |            6 |
| No           | Yes                   | No                     |              17 |            5 |
| Yes          | No                    | No                     |               0 |            0 |
| Yes          | No                    | Yes                    |               4 |            3 |
| Yes          | Yes                   | No                     |               0 |            0 |
+--------------+-----------------------+------------------------+-----------------+--------------+


4. Detailed Control Set Information
-----------------------------------

+------------------+---------------+-------------------+------------------+----------------+--------------+
|   Clock Signal   | Enable Signal |  Set/Reset Signal | Slice Load Count | Bel Load Count | Bels / Slice |
+------------------+---------------+-------------------+------------------+----------------+--------------+
|  clk_divider/CLK |               | rst_IBUF          |                2 |              3 |         1.50 |
|  clk_divider/CLK | state/Q[0]    | rst_IBUF          |                3 |              4 |         1.33 |
|  c2/tc_reg_0     |               | rst_IBUF          |                1 |              4 |         4.00 |
|  c0/CLK          |               | rst_IBUF          |                1 |              5 |         5.00 |
|  c1/CLK          |               | rst_IBUF          |                2 |              5 |         2.50 |
|  clk_IBUF_BUFG   |               | clk_divider/clear |                5 |             17 |         3.40 |
|  clk_IBUF_BUFG   |               |                   |                6 |             18 |         3.00 |
+------------------+---------------+-------------------+------------------+----------------+--------------+


