#-----------------------------------------------------------
# Vivado v2021.1 (64-bit)
# SW Build 3247384 on Thu Jun 10 19:36:33 MDT 2021
# IP Build 3246043 on Fri Jun 11 00:30:35 MDT 2021
# Start of session at: Wed Sep 22 23:06:21 2021
# Process ID: 11368
# Current directory: D:/Libraries/Documents/Vivado Projects/Lab 3/requirement_2
# Command line: vivado.exe -gui_launcher_event rodinguilauncherevent21196 D:\Libraries\Documents\Vivado Projects\Lab 3\requirement_2\requirement_2.xpr
# Log file: D:/Libraries/Documents/Vivado Projects/Lab 3/requirement_2/vivado.log
# Journal file: D:/Libraries/Documents/Vivado Projects/Lab 3/requirement_2\vivado.jou
#-----------------------------------------------------------
start_gui
open_project {D:/Libraries/Documents/Vivado Projects/Lab 3/requirement_2/requirement_2.xpr}
WARNING: [filemgmt 56-3] Default IP Output Path : Could not find the directory 'D:/Libraries/Documents/Vivado Projects/Lab 3/requirement_2/requirement_2.gen/sources_1'.
Scanning sources...
Finished scanning sources
INFO: [IP_Flow 19-234] Refreshing IP repositories
INFO: [IP_Flow 19-1704] No user IP repositories specified
INFO: [IP_Flow 19-2313] Loaded Vivado IP repository 'D:/Xilinx/Vivado/2021.1/data/ip'.
update_compile_order -fileset sources_1
exit
INFO: [Common 17-206] Exiting Vivado at Wed Sep 22 23:22:33 2021...
