Copyright 1986-2021 Xilinx, Inc. All Rights Reserved.
------------------------------------------------------------------------------------------
| Tool Version : Vivado v.2021.1 (win64) Build 3247384 Thu Jun 10 19:36:33 MDT 2021
| Date         : Wed Nov  3 23:10:03 2021
| Host         : GaryPC running 64-bit major release  (build 9200)
| Command      : report_control_sets -verbose -file requirement_2_control_sets_placed.rpt
| Design       : requirement_2
| Device       : xc7z007s
------------------------------------------------------------------------------------------

Control Set Information

Table of Contents
-----------------
1. Summary
2. Histogram
3. Flip-Flop Distribution
4. Detailed Control Set Information

1. Summary
----------

+----------------------------------------------------------+-------+
|                          Status                          | Count |
+----------------------------------------------------------+-------+
| Total control sets                                       |     4 |
|    Minimum number of control sets                        |     4 |
|    Addition due to synthesis replication                 |     0 |
|    Addition due to physical synthesis replication        |     0 |
| Unused register locations in slices containing registers |    14 |
+----------------------------------------------------------+-------+
* Control sets can be merged at opt_design using control_set_merge or merge_equivalent_drivers
** Run report_qor_suggestions for automated merging and remapping suggestions


2. Histogram
------------

+--------------------+-------+
|       Fanout       | Count |
+--------------------+-------+
| Total control sets |     4 |
| >= 0 to < 4        |     1 |
| >= 4 to < 6        |     0 |
| >= 6 to < 8        |     0 |
| >= 8 to < 10       |     2 |
| >= 10 to < 12      |     0 |
| >= 12 to < 14      |     0 |
| >= 14 to < 16      |     0 |
| >= 16              |     1 |
+--------------------+-------+
* Control sets can be remapped at either synth_design or opt_design


3. Flip-Flop Distribution
-------------------------

+--------------+-----------------------+------------------------+-----------------+--------------+
| Clock Enable | Synchronous Set/Reset | Asynchronous Set/Reset | Total Registers | Total Slices |
+--------------+-----------------------+------------------------+-----------------+--------------+
| No           | No                    | No                     |              18 |            6 |
| No           | No                    | Yes                    |               0 |            0 |
| No           | Yes                   | No                     |               0 |            0 |
| Yes          | No                    | No                     |              16 |            6 |
| Yes          | No                    | Yes                    |               0 |            0 |
| Yes          | Yes                   | No                     |               0 |            0 |
+--------------+-----------------------+------------------------+-----------------+--------------+


4. Detailed Control Set Information
-----------------------------------

+-----------------------------+---------------+------------------+------------------+----------------+--------------+
|         Clock Signal        | Enable Signal | Set/Reset Signal | Slice Load Count | Bel Load Count | Bels / Slice |
+-----------------------------+---------------+------------------+------------------+----------------+--------------+
|  myadder/led_reg[0]_i_1_n_0 |               |                  |                1 |              1 |         1.00 |
|  clk_IBUF_BUFG              | btn_IBUF[1]   |                  |                3 |              8 |         2.67 |
|  clk_IBUF_BUFG              | btn_IBUF[0]   |                  |                3 |              8 |         2.67 |
|  clk_IBUF_BUFG              |               |                  |                5 |             17 |         3.40 |
+-----------------------------+---------------+------------------+------------------+----------------+--------------+


