
*** Running vivado
    with args -log req3_wrapper.vds -m64 -product Vivado -mode batch -messageDb vivado.pb -notrace -source req3_wrapper.tcl



****** Vivado v2021.1 (64-bit)
  **** SW Build 3247384 on Thu Jun 10 19:36:33 MDT 2021
  **** IP Build 3246043 on Fri Jun 11 00:30:35 MDT 2021
    ** Copyright 1986-2021 Xilinx, Inc. All Rights Reserved.

source req3_wrapper.tcl -notrace
Command: synth_design -top req3_wrapper -part xc7z007sclg400-1
Starting synth_design
Attempting to get a license for feature 'Synthesis' and/or device 'xc7z007s'
INFO: [Common 17-349] Got license for feature 'Synthesis' and/or device 'xc7z007s'
INFO: [Device 21-403] Loading part xc7z007sclg400-1
INFO: [Synth 8-7079] Multithreading enabled for synth_design using a maximum of 2 processes.
INFO: [Synth 8-7078] Launching helper process for spawning children vivado processes
INFO: [Synth 8-7075] Helper process launched with PID 12048
---------------------------------------------------------------------------------
Starting RTL Elaboration : Time (s): cpu = 00:00:04 ; elapsed = 00:00:04 . Memory (MB): peak = 1143.055 ; gain = 0.000
---------------------------------------------------------------------------------
INFO: [Synth 8-6157] synthesizing module 'req3_wrapper' [D:/Libraries/Documents/Vivado Projects/Lab 9/requirement_3/requirement_3.srcs/sources_1/new/req3_wrapper.v:3]
INFO: [Synth 8-6157] synthesizing module 'multiplier' [D:/Libraries/Documents/Vivado Projects/Lab 9/requirement_3/requirement_3.srcs/sources_1/new/multiplier.v:3]
INFO: [Synth 8-6157] synthesizing module 'bin2bcd' [D:/Libraries/Documents/Vivado Projects/Lab 9/requirement_3/requirement_3.srcs/sources_1/new/bin2bcd.v:3]
INFO: [Synth 8-6155] done synthesizing module 'bin2bcd' (1#1) [D:/Libraries/Documents/Vivado Projects/Lab 9/requirement_3/requirement_3.srcs/sources_1/new/bin2bcd.v:3]
WARNING: [Synth 8-689] width (17) of port connection 'bin' does not match port width (16) of module 'bin2bcd' [D:/Libraries/Documents/Vivado Projects/Lab 9/requirement_3/requirement_3.srcs/sources_1/new/multiplier.v:29]
INFO: [Synth 8-6155] done synthesizing module 'multiplier' (2#1) [D:/Libraries/Documents/Vivado Projects/Lab 9/requirement_3/requirement_3.srcs/sources_1/new/multiplier.v:3]
INFO: [Synth 8-6157] synthesizing module 'seg_wrapper' [D:/Libraries/Documents/Vivado Projects/Lab 9/requirement_2/requirement_2.srcs/sources_1/new/sseg_controller.v:88]
INFO: [Synth 8-6157] synthesizing module 'counter' [D:/Libraries/Documents/Vivado Projects/Lab 9/requirement_2/requirement_2.srcs/sources_1/new/sseg_controller.v:53]
INFO: [Synth 8-6155] done synthesizing module 'counter' (3#1) [D:/Libraries/Documents/Vivado Projects/Lab 9/requirement_2/requirement_2.srcs/sources_1/new/sseg_controller.v:53]
INFO: [Synth 8-6157] synthesizing module 'sseg_controller' [D:/Libraries/Documents/Vivado Projects/Lab 9/requirement_2/requirement_2.srcs/sources_1/new/sseg_controller.v:3]
INFO: [Synth 8-6155] done synthesizing module 'sseg_controller' (4#1) [D:/Libraries/Documents/Vivado Projects/Lab 9/requirement_2/requirement_2.srcs/sources_1/new/sseg_controller.v:3]
INFO: [Synth 8-6157] synthesizing module 'decoder' [D:/Libraries/Documents/Vivado Projects/Lab 9/requirement_2/requirement_2.srcs/sources_1/new/sseg_controller.v:35]
INFO: [Synth 8-6155] done synthesizing module 'decoder' (5#1) [D:/Libraries/Documents/Vivado Projects/Lab 9/requirement_2/requirement_2.srcs/sources_1/new/sseg_controller.v:35]
INFO: [Synth 8-6157] synthesizing module 'mux' [D:/Libraries/Documents/Vivado Projects/Lab 9/requirement_2/requirement_2.srcs/sources_1/new/sseg_controller.v:69]
WARNING: [Synth 8-567] referenced signal 'D0' should be on the sensitivity list [D:/Libraries/Documents/Vivado Projects/Lab 9/requirement_2/requirement_2.srcs/sources_1/new/sseg_controller.v:77]
WARNING: [Synth 8-567] referenced signal 'D1' should be on the sensitivity list [D:/Libraries/Documents/Vivado Projects/Lab 9/requirement_2/requirement_2.srcs/sources_1/new/sseg_controller.v:77]
WARNING: [Synth 8-567] referenced signal 'D2' should be on the sensitivity list [D:/Libraries/Documents/Vivado Projects/Lab 9/requirement_2/requirement_2.srcs/sources_1/new/sseg_controller.v:77]
WARNING: [Synth 8-567] referenced signal 'D3' should be on the sensitivity list [D:/Libraries/Documents/Vivado Projects/Lab 9/requirement_2/requirement_2.srcs/sources_1/new/sseg_controller.v:77]
INFO: [Synth 8-6155] done synthesizing module 'mux' (6#1) [D:/Libraries/Documents/Vivado Projects/Lab 9/requirement_2/requirement_2.srcs/sources_1/new/sseg_controller.v:69]
INFO: [Synth 8-6155] done synthesizing module 'seg_wrapper' (7#1) [D:/Libraries/Documents/Vivado Projects/Lab 9/requirement_2/requirement_2.srcs/sources_1/new/sseg_controller.v:88]
INFO: [Synth 8-6155] done synthesizing module 'req3_wrapper' (8#1) [D:/Libraries/Documents/Vivado Projects/Lab 9/requirement_3/requirement_3.srcs/sources_1/new/req3_wrapper.v:3]
---------------------------------------------------------------------------------
Finished RTL Elaboration : Time (s): cpu = 00:00:05 ; elapsed = 00:00:05 . Memory (MB): peak = 1143.055 ; gain = 0.000
---------------------------------------------------------------------------------
---------------------------------------------------------------------------------
Start Handling Custom Attributes
---------------------------------------------------------------------------------
---------------------------------------------------------------------------------
Finished Handling Custom Attributes : Time (s): cpu = 00:00:06 ; elapsed = 00:00:06 . Memory (MB): peak = 1143.055 ; gain = 0.000
---------------------------------------------------------------------------------
---------------------------------------------------------------------------------
Finished RTL Optimization Phase 1 : Time (s): cpu = 00:00:06 ; elapsed = 00:00:06 . Memory (MB): peak = 1143.055 ; gain = 0.000
---------------------------------------------------------------------------------
Netlist sorting complete. Time (s): cpu = 00:00:00 ; elapsed = 00:00:00.005 . Memory (MB): peak = 1143.055 ; gain = 0.000
INFO: [Project 1-570] Preparing netlist for logic optimization

Processing XDC Constraints
Initializing timing engine
Parsing XDC File [D:/Libraries/Documents/Vivado Projects/Lab 9/requirement_3/requirement_3.srcs/constrs_1/new/req3.xdc]
WARNING: [Vivado 12-507] No nets matched 'btn'. [D:/Libraries/Documents/Vivado Projects/Lab 9/requirement_3/requirement_3.srcs/constrs_1/new/req3.xdc:7]
CRITICAL WARNING: [Common 17-55] 'set_property' expects at least one object. [D:/Libraries/Documents/Vivado Projects/Lab 9/requirement_3/requirement_3.srcs/constrs_1/new/req3.xdc:7]
Resolution: If [get_<value>] was used to populate the object, check to make sure this command returns at least one valid object.
WARNING: [Vivado 12-584] No ports matched 'led[0]'. [D:/Libraries/Documents/Vivado Projects/Lab 9/requirement_3/requirement_3.srcs/constrs_1/new/req3.xdc:11]
CRITICAL WARNING: [Common 17-55] 'set_property' expects at least one object. [D:/Libraries/Documents/Vivado Projects/Lab 9/requirement_3/requirement_3.srcs/constrs_1/new/req3.xdc:11]
Resolution: If [get_<value>] was used to populate the object, check to make sure this command returns at least one valid object.
WARNING: [Vivado 12-584] No ports matched 'led[1]'. [D:/Libraries/Documents/Vivado Projects/Lab 9/requirement_3/requirement_3.srcs/constrs_1/new/req3.xdc:12]
CRITICAL WARNING: [Common 17-55] 'set_property' expects at least one object. [D:/Libraries/Documents/Vivado Projects/Lab 9/requirement_3/requirement_3.srcs/constrs_1/new/req3.xdc:12]
Resolution: If [get_<value>] was used to populate the object, check to make sure this command returns at least one valid object.
WARNING: [Vivado 12-584] No ports matched 'led[2]'. [D:/Libraries/Documents/Vivado Projects/Lab 9/requirement_3/requirement_3.srcs/constrs_1/new/req3.xdc:13]
CRITICAL WARNING: [Common 17-55] 'set_property' expects at least one object. [D:/Libraries/Documents/Vivado Projects/Lab 9/requirement_3/requirement_3.srcs/constrs_1/new/req3.xdc:13]
Resolution: If [get_<value>] was used to populate the object, check to make sure this command returns at least one valid object.
WARNING: [Vivado 12-584] No ports matched 'led[3]'. [D:/Libraries/Documents/Vivado Projects/Lab 9/requirement_3/requirement_3.srcs/constrs_1/new/req3.xdc:14]
CRITICAL WARNING: [Common 17-55] 'set_property' expects at least one object. [D:/Libraries/Documents/Vivado Projects/Lab 9/requirement_3/requirement_3.srcs/constrs_1/new/req3.xdc:14]
Resolution: If [get_<value>] was used to populate the object, check to make sure this command returns at least one valid object.
WARNING: [Vivado 12-584] No ports matched 'led[4]'. [D:/Libraries/Documents/Vivado Projects/Lab 9/requirement_3/requirement_3.srcs/constrs_1/new/req3.xdc:15]
CRITICAL WARNING: [Common 17-55] 'set_property' expects at least one object. [D:/Libraries/Documents/Vivado Projects/Lab 9/requirement_3/requirement_3.srcs/constrs_1/new/req3.xdc:15]
Resolution: If [get_<value>] was used to populate the object, check to make sure this command returns at least one valid object.
WARNING: [Vivado 12-584] No ports matched 'led[5]'. [D:/Libraries/Documents/Vivado Projects/Lab 9/requirement_3/requirement_3.srcs/constrs_1/new/req3.xdc:16]
CRITICAL WARNING: [Common 17-55] 'set_property' expects at least one object. [D:/Libraries/Documents/Vivado Projects/Lab 9/requirement_3/requirement_3.srcs/constrs_1/new/req3.xdc:16]
Resolution: If [get_<value>] was used to populate the object, check to make sure this command returns at least one valid object.
WARNING: [Vivado 12-584] No ports matched 'led[6]'. [D:/Libraries/Documents/Vivado Projects/Lab 9/requirement_3/requirement_3.srcs/constrs_1/new/req3.xdc:17]
CRITICAL WARNING: [Common 17-55] 'set_property' expects at least one object. [D:/Libraries/Documents/Vivado Projects/Lab 9/requirement_3/requirement_3.srcs/constrs_1/new/req3.xdc:17]
Resolution: If [get_<value>] was used to populate the object, check to make sure this command returns at least one valid object.
WARNING: [Vivado 12-584] No ports matched 'led[7]'. [D:/Libraries/Documents/Vivado Projects/Lab 9/requirement_3/requirement_3.srcs/constrs_1/new/req3.xdc:18]
CRITICAL WARNING: [Common 17-55] 'set_property' expects at least one object. [D:/Libraries/Documents/Vivado Projects/Lab 9/requirement_3/requirement_3.srcs/constrs_1/new/req3.xdc:18]
Resolution: If [get_<value>] was used to populate the object, check to make sure this command returns at least one valid object.
WARNING: [Vivado 12-584] No ports matched 'led[8]'. [D:/Libraries/Documents/Vivado Projects/Lab 9/requirement_3/requirement_3.srcs/constrs_1/new/req3.xdc:19]
CRITICAL WARNING: [Common 17-55] 'set_property' expects at least one object. [D:/Libraries/Documents/Vivado Projects/Lab 9/requirement_3/requirement_3.srcs/constrs_1/new/req3.xdc:19]
Resolution: If [get_<value>] was used to populate the object, check to make sure this command returns at least one valid object.
WARNING: [Vivado 12-584] No ports matched 'led[9]'. [D:/Libraries/Documents/Vivado Projects/Lab 9/requirement_3/requirement_3.srcs/constrs_1/new/req3.xdc:20]
CRITICAL WARNING: [Common 17-55] 'set_property' expects at least one object. [D:/Libraries/Documents/Vivado Projects/Lab 9/requirement_3/requirement_3.srcs/constrs_1/new/req3.xdc:20]
Resolution: If [get_<value>] was used to populate the object, check to make sure this command returns at least one valid object.
WARNING: [Vivado 12-584] No ports matched 'RGB_led_A[0]'. [D:/Libraries/Documents/Vivado Projects/Lab 9/requirement_3/requirement_3.srcs/constrs_1/new/req3.xdc:23]
CRITICAL WARNING: [Common 17-55] 'set_property' expects at least one object. [D:/Libraries/Documents/Vivado Projects/Lab 9/requirement_3/requirement_3.srcs/constrs_1/new/req3.xdc:23]
Resolution: If [get_<value>] was used to populate the object, check to make sure this command returns at least one valid object.
WARNING: [Vivado 12-584] No ports matched 'RGB_led_A[1]'. [D:/Libraries/Documents/Vivado Projects/Lab 9/requirement_3/requirement_3.srcs/constrs_1/new/req3.xdc:24]
CRITICAL WARNING: [Common 17-55] 'set_property' expects at least one object. [D:/Libraries/Documents/Vivado Projects/Lab 9/requirement_3/requirement_3.srcs/constrs_1/new/req3.xdc:24]
Resolution: If [get_<value>] was used to populate the object, check to make sure this command returns at least one valid object.
WARNING: [Vivado 12-584] No ports matched 'RGB_led_A[2]'. [D:/Libraries/Documents/Vivado Projects/Lab 9/requirement_3/requirement_3.srcs/constrs_1/new/req3.xdc:25]
CRITICAL WARNING: [Common 17-55] 'set_property' expects at least one object. [D:/Libraries/Documents/Vivado Projects/Lab 9/requirement_3/requirement_3.srcs/constrs_1/new/req3.xdc:25]
Resolution: If [get_<value>] was used to populate the object, check to make sure this command returns at least one valid object.
WARNING: [Vivado 12-584] No ports matched 'RGB_led_B[0]'. [D:/Libraries/Documents/Vivado Projects/Lab 9/requirement_3/requirement_3.srcs/constrs_1/new/req3.xdc:27]
CRITICAL WARNING: [Common 17-55] 'set_property' expects at least one object. [D:/Libraries/Documents/Vivado Projects/Lab 9/requirement_3/requirement_3.srcs/constrs_1/new/req3.xdc:27]
Resolution: If [get_<value>] was used to populate the object, check to make sure this command returns at least one valid object.
WARNING: [Vivado 12-584] No ports matched 'RGB_led_B[1]'. [D:/Libraries/Documents/Vivado Projects/Lab 9/requirement_3/requirement_3.srcs/constrs_1/new/req3.xdc:28]
CRITICAL WARNING: [Common 17-55] 'set_property' expects at least one object. [D:/Libraries/Documents/Vivado Projects/Lab 9/requirement_3/requirement_3.srcs/constrs_1/new/req3.xdc:28]
Resolution: If [get_<value>] was used to populate the object, check to make sure this command returns at least one valid object.
WARNING: [Vivado 12-584] No ports matched 'RGB_led_B[2]'. [D:/Libraries/Documents/Vivado Projects/Lab 9/requirement_3/requirement_3.srcs/constrs_1/new/req3.xdc:29]
CRITICAL WARNING: [Common 17-55] 'set_property' expects at least one object. [D:/Libraries/Documents/Vivado Projects/Lab 9/requirement_3/requirement_3.srcs/constrs_1/new/req3.xdc:29]
Resolution: If [get_<value>] was used to populate the object, check to make sure this command returns at least one valid object.
WARNING: [Vivado 12-584] No ports matched 'sw[8]'. [D:/Libraries/Documents/Vivado Projects/Lab 9/requirement_3/requirement_3.srcs/constrs_1/new/req3.xdc:40]
CRITICAL WARNING: [Common 17-55] 'set_property' expects at least one object. [D:/Libraries/Documents/Vivado Projects/Lab 9/requirement_3/requirement_3.srcs/constrs_1/new/req3.xdc:40]
Resolution: If [get_<value>] was used to populate the object, check to make sure this command returns at least one valid object.
WARNING: [Vivado 12-584] No ports matched 'sw[9]'. [D:/Libraries/Documents/Vivado Projects/Lab 9/requirement_3/requirement_3.srcs/constrs_1/new/req3.xdc:41]
CRITICAL WARNING: [Common 17-55] 'set_property' expects at least one object. [D:/Libraries/Documents/Vivado Projects/Lab 9/requirement_3/requirement_3.srcs/constrs_1/new/req3.xdc:41]
Resolution: If [get_<value>] was used to populate the object, check to make sure this command returns at least one valid object.
WARNING: [Vivado 12-584] No ports matched 'sw[10]'. [D:/Libraries/Documents/Vivado Projects/Lab 9/requirement_3/requirement_3.srcs/constrs_1/new/req3.xdc:42]
CRITICAL WARNING: [Common 17-55] 'set_property' expects at least one object. [D:/Libraries/Documents/Vivado Projects/Lab 9/requirement_3/requirement_3.srcs/constrs_1/new/req3.xdc:42]
Resolution: If [get_<value>] was used to populate the object, check to make sure this command returns at least one valid object.
WARNING: [Vivado 12-584] No ports matched 'sw[11]'. [D:/Libraries/Documents/Vivado Projects/Lab 9/requirement_3/requirement_3.srcs/constrs_1/new/req3.xdc:43]
CRITICAL WARNING: [Common 17-55] 'set_property' expects at least one object. [D:/Libraries/Documents/Vivado Projects/Lab 9/requirement_3/requirement_3.srcs/constrs_1/new/req3.xdc:43]
Resolution: If [get_<value>] was used to populate the object, check to make sure this command returns at least one valid object.
WARNING: [Vivado 12-584] No ports matched 'btn[2]'. [D:/Libraries/Documents/Vivado Projects/Lab 9/requirement_3/requirement_3.srcs/constrs_1/new/req3.xdc:48]
CRITICAL WARNING: [Common 17-55] 'set_property' expects at least one object. [D:/Libraries/Documents/Vivado Projects/Lab 9/requirement_3/requirement_3.srcs/constrs_1/new/req3.xdc:48]
Resolution: If [get_<value>] was used to populate the object, check to make sure this command returns at least one valid object.
WARNING: [Vivado 12-584] No ports matched 'btn[3]'. [D:/Libraries/Documents/Vivado Projects/Lab 9/requirement_3/requirement_3.srcs/constrs_1/new/req3.xdc:49]
CRITICAL WARNING: [Common 17-55] 'set_property' expects at least one object. [D:/Libraries/Documents/Vivado Projects/Lab 9/requirement_3/requirement_3.srcs/constrs_1/new/req3.xdc:49]
Resolution: If [get_<value>] was used to populate the object, check to make sure this command returns at least one valid object.
Finished Parsing XDC File [D:/Libraries/Documents/Vivado Projects/Lab 9/requirement_3/requirement_3.srcs/constrs_1/new/req3.xdc]
INFO: [Project 1-236] Implementation specific constraints were found while reading constraint file [D:/Libraries/Documents/Vivado Projects/Lab 9/requirement_3/requirement_3.srcs/constrs_1/new/req3.xdc]. These constraints will be ignored for synthesis but will be used in implementation. Impacted constraints are listed in the file [.Xil/req3_wrapper_propImpl.xdc].
Resolution: To avoid this warning, move constraints listed in [.Xil/req3_wrapper_propImpl.xdc] to another XDC file and exclude this new file from synthesis with the used_in_synthesis property (File Properties dialog in GUI) and re-run elaboration/synthesis.
Completed Processing XDC Constraints

Netlist sorting complete. Time (s): cpu = 00:00:00 ; elapsed = 00:00:00 . Memory (MB): peak = 1143.055 ; gain = 0.000
INFO: [Project 1-111] Unisim Transformation Summary:
No Unisim elements were transformed.

Constraint Validation Runtime : Time (s): cpu = 00:00:00 ; elapsed = 00:00:00.003 . Memory (MB): peak = 1143.055 ; gain = 0.000
---------------------------------------------------------------------------------
Finished Constraint Validation : Time (s): cpu = 00:00:11 ; elapsed = 00:00:12 . Memory (MB): peak = 1143.055 ; gain = 0.000
---------------------------------------------------------------------------------
---------------------------------------------------------------------------------
Start Loading Part and Timing Information
---------------------------------------------------------------------------------
Loading part: xc7z007sclg400-1
---------------------------------------------------------------------------------
Finished Loading Part and Timing Information : Time (s): cpu = 00:00:11 ; elapsed = 00:00:12 . Memory (MB): peak = 1143.055 ; gain = 0.000
---------------------------------------------------------------------------------
---------------------------------------------------------------------------------
Start Applying 'set_property' XDC Constraints
---------------------------------------------------------------------------------
---------------------------------------------------------------------------------
Finished applying 'set_property' XDC Constraints : Time (s): cpu = 00:00:11 ; elapsed = 00:00:12 . Memory (MB): peak = 1143.055 ; gain = 0.000
---------------------------------------------------------------------------------
---------------------------------------------------------------------------------
Finished RTL Optimization Phase 2 : Time (s): cpu = 00:00:12 ; elapsed = 00:00:12 . Memory (MB): peak = 1143.055 ; gain = 0.000
---------------------------------------------------------------------------------
---------------------------------------------------------------------------------
Start RTL Component Statistics 
---------------------------------------------------------------------------------
Detailed RTL Component Info : 
+---Adders : 
	   2 Input    4 Bit       Adders := 32    
	   2 Input    3 Bit       Adders := 1     
+---Registers : 
	                8 Bit    Registers := 1     
+---Muxes : 
	   2 Input   16 Bit        Muxes := 1     
	   2 Input   15 Bit        Muxes := 2     
	   2 Input    4 Bit        Muxes := 24    
	   4 Input    4 Bit        Muxes := 2     
---------------------------------------------------------------------------------
Finished RTL Component Statistics 
---------------------------------------------------------------------------------
---------------------------------------------------------------------------------
Start Part Resource Summary
---------------------------------------------------------------------------------
Part Resources:
DSPs: 66 (col length:40)
BRAMs: 100 (col length: RAMB18 40 RAMB36 20)
---------------------------------------------------------------------------------
Finished Part Resource Summary
---------------------------------------------------------------------------------
---------------------------------------------------------------------------------
Start Cross Boundary and Area Optimization
---------------------------------------------------------------------------------
---------------------------------------------------------------------------------
Finished Cross Boundary and Area Optimization : Time (s): cpu = 00:00:17 ; elapsed = 00:00:18 . Memory (MB): peak = 1143.055 ; gain = 0.000
---------------------------------------------------------------------------------
---------------------------------------------------------------------------------
Start Applying XDC Timing Constraints
---------------------------------------------------------------------------------
---------------------------------------------------------------------------------
Finished Applying XDC Timing Constraints : Time (s): cpu = 00:00:23 ; elapsed = 00:00:23 . Memory (MB): peak = 1143.055 ; gain = 0.000
---------------------------------------------------------------------------------
---------------------------------------------------------------------------------
Start Timing Optimization
---------------------------------------------------------------------------------
---------------------------------------------------------------------------------
Finished Timing Optimization : Time (s): cpu = 00:00:30 ; elapsed = 00:00:31 . Memory (MB): peak = 1348.508 ; gain = 205.453
---------------------------------------------------------------------------------
---------------------------------------------------------------------------------
Start Technology Mapping
---------------------------------------------------------------------------------
---------------------------------------------------------------------------------
Finished Technology Mapping : Time (s): cpu = 00:00:31 ; elapsed = 00:00:31 . Memory (MB): peak = 1356.051 ; gain = 212.996
---------------------------------------------------------------------------------
---------------------------------------------------------------------------------
Start IO Insertion
---------------------------------------------------------------------------------
---------------------------------------------------------------------------------
Start Flattening Before IO Insertion
---------------------------------------------------------------------------------
---------------------------------------------------------------------------------
Finished Flattening Before IO Insertion
---------------------------------------------------------------------------------
---------------------------------------------------------------------------------
Start Final Netlist Cleanup
---------------------------------------------------------------------------------
---------------------------------------------------------------------------------
Finished Final Netlist Cleanup
---------------------------------------------------------------------------------
---------------------------------------------------------------------------------
Finished IO Insertion : Time (s): cpu = 00:00:34 ; elapsed = 00:00:34 . Memory (MB): peak = 1360.898 ; gain = 217.844
---------------------------------------------------------------------------------
---------------------------------------------------------------------------------
Start Renaming Generated Instances
---------------------------------------------------------------------------------
---------------------------------------------------------------------------------
Finished Renaming Generated Instances : Time (s): cpu = 00:00:34 ; elapsed = 00:00:34 . Memory (MB): peak = 1360.898 ; gain = 217.844
---------------------------------------------------------------------------------
---------------------------------------------------------------------------------
Start Rebuilding User Hierarchy
---------------------------------------------------------------------------------
---------------------------------------------------------------------------------
Finished Rebuilding User Hierarchy : Time (s): cpu = 00:00:34 ; elapsed = 00:00:34 . Memory (MB): peak = 1360.898 ; gain = 217.844
---------------------------------------------------------------------------------
---------------------------------------------------------------------------------
Start Renaming Generated Ports
---------------------------------------------------------------------------------
---------------------------------------------------------------------------------
Finished Renaming Generated Ports : Time (s): cpu = 00:00:34 ; elapsed = 00:00:34 . Memory (MB): peak = 1360.898 ; gain = 217.844
---------------------------------------------------------------------------------
---------------------------------------------------------------------------------
Start Handling Custom Attributes
---------------------------------------------------------------------------------
---------------------------------------------------------------------------------
Finished Handling Custom Attributes : Time (s): cpu = 00:00:34 ; elapsed = 00:00:34 . Memory (MB): peak = 1360.898 ; gain = 217.844
---------------------------------------------------------------------------------
---------------------------------------------------------------------------------
Start Renaming Generated Nets
---------------------------------------------------------------------------------
---------------------------------------------------------------------------------
Finished Renaming Generated Nets : Time (s): cpu = 00:00:34 ; elapsed = 00:00:34 . Memory (MB): peak = 1360.898 ; gain = 217.844
---------------------------------------------------------------------------------
---------------------------------------------------------------------------------
Start Writing Synthesis Report
---------------------------------------------------------------------------------

Report BlackBoxes: 
+-+--------------+----------+
| |BlackBox name |Instances |
+-+--------------+----------+
+-+--------------+----------+

Report Cell Usage: 
+------+-------+------+
|      |Cell   |Count |
+------+-------+------+
|1     |BUFG   |     1|
|2     |CARRY4 |    15|
|3     |LUT1   |     1|
|4     |LUT2   |    34|
|5     |LUT3   |     7|
|6     |LUT4   |    38|
|7     |LUT5   |    17|
|8     |LUT6   |    92|
|9     |FDRE   |    33|
|10    |IBUF   |    11|
|11    |OBUF   |    12|
+------+-------+------+
---------------------------------------------------------------------------------
Finished Writing Synthesis Report : Time (s): cpu = 00:00:34 ; elapsed = 00:00:34 . Memory (MB): peak = 1360.898 ; gain = 217.844
---------------------------------------------------------------------------------
Synthesis finished with 0 errors, 0 critical warnings and 0 warnings.
Synthesis Optimization Runtime : Time (s): cpu = 00:00:26 ; elapsed = 00:00:32 . Memory (MB): peak = 1360.898 ; gain = 217.844
Synthesis Optimization Complete : Time (s): cpu = 00:00:34 ; elapsed = 00:00:34 . Memory (MB): peak = 1360.898 ; gain = 217.844
INFO: [Project 1-571] Translating synthesized netlist
Netlist sorting complete. Time (s): cpu = 00:00:00 ; elapsed = 00:00:00.003 . Memory (MB): peak = 1373.246 ; gain = 0.000
INFO: [Netlist 29-17] Analyzing 15 Unisim elements for replacement
INFO: [Netlist 29-28] Unisim Transformation completed in 0 CPU seconds
INFO: [Project 1-570] Preparing netlist for logic optimization
INFO: [Opt 31-138] Pushed 0 inverter(s) to 0 load pin(s).
Netlist sorting complete. Time (s): cpu = 00:00:00 ; elapsed = 00:00:00 . Memory (MB): peak = 1376.918 ; gain = 0.000
INFO: [Project 1-111] Unisim Transformation Summary:
No Unisim elements were transformed.

Synth Design complete, checksum: a1b8c7f5
INFO: [Common 17-83] Releasing license: Synthesis
31 Infos, 28 Warnings, 23 Critical Warnings and 0 Errors encountered.
synth_design completed successfully
synth_design: Time (s): cpu = 00:00:37 ; elapsed = 00:00:39 . Memory (MB): peak = 1376.918 ; gain = 233.863
INFO: [runtcl-6] Synthesis results are not added to the cache due to CRITICAL_WARNING
INFO: [Common 17-1381] The checkpoint 'D:/Libraries/Documents/Vivado Projects/Lab 9/requirement_3/requirement_3.runs/synth_1/req3_wrapper.dcp' has been generated.
INFO: [runtcl-4] Executing : report_utilization -file req3_wrapper_utilization_synth.rpt -pb req3_wrapper_utilization_synth.pb
INFO: [Common 17-206] Exiting Vivado at Wed Nov  3 23:47:57 2021...
