
*** Running vivado
    with args -log alu.vdi -applog -m64 -product Vivado -messageDb vivado.pb -mode batch -source alu.tcl -notrace



****** Vivado v2021.1 (64-bit)
  **** SW Build 3247384 on Thu Jun 10 19:36:33 MDT 2021
  **** IP Build 3246043 on Fri Jun 11 00:30:35 MDT 2021
    ** Copyright 1986-2021 Xilinx, Inc. All Rights Reserved.

source alu.tcl -notrace
Command: link_design -top alu -part xc7z007sclg400-1
Design is defaulting to srcset: sources_1
Design is defaulting to constrset: constrs_1
INFO: [Device 21-403] Loading part xc7z007sclg400-1
Netlist sorting complete. Time (s): cpu = 00:00:00 ; elapsed = 00:00:00.002 . Memory (MB): peak = 1143.238 ; gain = 0.000
INFO: [Netlist 29-17] Analyzing 10 Unisim elements for replacement
INFO: [Netlist 29-28] Unisim Transformation completed in 0 CPU seconds
INFO: [Project 1-479] Netlist was created with Vivado 2021.1
INFO: [Project 1-570] Preparing netlist for logic optimization
Parsing XDC File [D:/Libraries/Documents/Vivado Projects/Lab 10/requirement_1/requirement_1.srcs/constrs_1/new/req1.xdc]
WARNING: [Vivado 12-507] No nets matched 'btn'. [D:/Libraries/Documents/Vivado Projects/Lab 10/requirement_1/requirement_1.srcs/constrs_1/new/req1.xdc:7]
CRITICAL WARNING: [Common 17-55] 'set_property' expects at least one object. [D:/Libraries/Documents/Vivado Projects/Lab 10/requirement_1/requirement_1.srcs/constrs_1/new/req1.xdc:7]
Resolution: If [get_<value>] was used to populate the object, check to make sure this command returns at least one valid object.
WARNING: [Vivado 12-584] No ports matched 'led[4]'. [D:/Libraries/Documents/Vivado Projects/Lab 10/requirement_1/requirement_1.srcs/constrs_1/new/req1.xdc:15]
CRITICAL WARNING: [Common 17-55] 'set_property' expects at least one object. [D:/Libraries/Documents/Vivado Projects/Lab 10/requirement_1/requirement_1.srcs/constrs_1/new/req1.xdc:15]
Resolution: If [get_<value>] was used to populate the object, check to make sure this command returns at least one valid object.
WARNING: [Vivado 12-584] No ports matched 'led[5]'. [D:/Libraries/Documents/Vivado Projects/Lab 10/requirement_1/requirement_1.srcs/constrs_1/new/req1.xdc:16]
CRITICAL WARNING: [Common 17-55] 'set_property' expects at least one object. [D:/Libraries/Documents/Vivado Projects/Lab 10/requirement_1/requirement_1.srcs/constrs_1/new/req1.xdc:16]
Resolution: If [get_<value>] was used to populate the object, check to make sure this command returns at least one valid object.
WARNING: [Vivado 12-584] No ports matched 'led[6]'. [D:/Libraries/Documents/Vivado Projects/Lab 10/requirement_1/requirement_1.srcs/constrs_1/new/req1.xdc:17]
CRITICAL WARNING: [Common 17-55] 'set_property' expects at least one object. [D:/Libraries/Documents/Vivado Projects/Lab 10/requirement_1/requirement_1.srcs/constrs_1/new/req1.xdc:17]
Resolution: If [get_<value>] was used to populate the object, check to make sure this command returns at least one valid object.
WARNING: [Vivado 12-584] No ports matched 'led[7]'. [D:/Libraries/Documents/Vivado Projects/Lab 10/requirement_1/requirement_1.srcs/constrs_1/new/req1.xdc:18]
CRITICAL WARNING: [Common 17-55] 'set_property' expects at least one object. [D:/Libraries/Documents/Vivado Projects/Lab 10/requirement_1/requirement_1.srcs/constrs_1/new/req1.xdc:18]
Resolution: If [get_<value>] was used to populate the object, check to make sure this command returns at least one valid object.
WARNING: [Vivado 12-584] No ports matched 'led[8]'. [D:/Libraries/Documents/Vivado Projects/Lab 10/requirement_1/requirement_1.srcs/constrs_1/new/req1.xdc:19]
CRITICAL WARNING: [Common 17-55] 'set_property' expects at least one object. [D:/Libraries/Documents/Vivado Projects/Lab 10/requirement_1/requirement_1.srcs/constrs_1/new/req1.xdc:19]
Resolution: If [get_<value>] was used to populate the object, check to make sure this command returns at least one valid object.
WARNING: [Vivado 12-584] No ports matched 'led[9]'. [D:/Libraries/Documents/Vivado Projects/Lab 10/requirement_1/requirement_1.srcs/constrs_1/new/req1.xdc:20]
CRITICAL WARNING: [Common 17-55] 'set_property' expects at least one object. [D:/Libraries/Documents/Vivado Projects/Lab 10/requirement_1/requirement_1.srcs/constrs_1/new/req1.xdc:20]
Resolution: If [get_<value>] was used to populate the object, check to make sure this command returns at least one valid object.
WARNING: [Vivado 12-584] No ports matched 'RGB_led_A[0]'. [D:/Libraries/Documents/Vivado Projects/Lab 10/requirement_1/requirement_1.srcs/constrs_1/new/req1.xdc:23]
CRITICAL WARNING: [Common 17-55] 'set_property' expects at least one object. [D:/Libraries/Documents/Vivado Projects/Lab 10/requirement_1/requirement_1.srcs/constrs_1/new/req1.xdc:23]
Resolution: If [get_<value>] was used to populate the object, check to make sure this command returns at least one valid object.
WARNING: [Vivado 12-584] No ports matched 'RGB_led_A[1]'. [D:/Libraries/Documents/Vivado Projects/Lab 10/requirement_1/requirement_1.srcs/constrs_1/new/req1.xdc:24]
CRITICAL WARNING: [Common 17-55] 'set_property' expects at least one object. [D:/Libraries/Documents/Vivado Projects/Lab 10/requirement_1/requirement_1.srcs/constrs_1/new/req1.xdc:24]
Resolution: If [get_<value>] was used to populate the object, check to make sure this command returns at least one valid object.
WARNING: [Vivado 12-584] No ports matched 'RGB_led_A[2]'. [D:/Libraries/Documents/Vivado Projects/Lab 10/requirement_1/requirement_1.srcs/constrs_1/new/req1.xdc:25]
CRITICAL WARNING: [Common 17-55] 'set_property' expects at least one object. [D:/Libraries/Documents/Vivado Projects/Lab 10/requirement_1/requirement_1.srcs/constrs_1/new/req1.xdc:25]
Resolution: If [get_<value>] was used to populate the object, check to make sure this command returns at least one valid object.
WARNING: [Vivado 12-584] No ports matched 'RGB_led_B[0]'. [D:/Libraries/Documents/Vivado Projects/Lab 10/requirement_1/requirement_1.srcs/constrs_1/new/req1.xdc:27]
CRITICAL WARNING: [Common 17-55] 'set_property' expects at least one object. [D:/Libraries/Documents/Vivado Projects/Lab 10/requirement_1/requirement_1.srcs/constrs_1/new/req1.xdc:27]
Resolution: If [get_<value>] was used to populate the object, check to make sure this command returns at least one valid object.
WARNING: [Vivado 12-584] No ports matched 'RGB_led_B[1]'. [D:/Libraries/Documents/Vivado Projects/Lab 10/requirement_1/requirement_1.srcs/constrs_1/new/req1.xdc:28]
CRITICAL WARNING: [Common 17-55] 'set_property' expects at least one object. [D:/Libraries/Documents/Vivado Projects/Lab 10/requirement_1/requirement_1.srcs/constrs_1/new/req1.xdc:28]
Resolution: If [get_<value>] was used to populate the object, check to make sure this command returns at least one valid object.
WARNING: [Vivado 12-584] No ports matched 'RGB_led_B[2]'. [D:/Libraries/Documents/Vivado Projects/Lab 10/requirement_1/requirement_1.srcs/constrs_1/new/req1.xdc:29]
CRITICAL WARNING: [Common 17-55] 'set_property' expects at least one object. [D:/Libraries/Documents/Vivado Projects/Lab 10/requirement_1/requirement_1.srcs/constrs_1/new/req1.xdc:29]
Resolution: If [get_<value>] was used to populate the object, check to make sure this command returns at least one valid object.
WARNING: [Vivado 12-584] No ports matched 'sw[8]'. [D:/Libraries/Documents/Vivado Projects/Lab 10/requirement_1/requirement_1.srcs/constrs_1/new/req1.xdc:40]
CRITICAL WARNING: [Common 17-55] 'set_property' expects at least one object. [D:/Libraries/Documents/Vivado Projects/Lab 10/requirement_1/requirement_1.srcs/constrs_1/new/req1.xdc:40]
Resolution: If [get_<value>] was used to populate the object, check to make sure this command returns at least one valid object.
WARNING: [Vivado 12-584] No ports matched 'btn[3]'. [D:/Libraries/Documents/Vivado Projects/Lab 10/requirement_1/requirement_1.srcs/constrs_1/new/req1.xdc:49]
CRITICAL WARNING: [Common 17-55] 'set_property' expects at least one object. [D:/Libraries/Documents/Vivado Projects/Lab 10/requirement_1/requirement_1.srcs/constrs_1/new/req1.xdc:49]
Resolution: If [get_<value>] was used to populate the object, check to make sure this command returns at least one valid object.
Finished Parsing XDC File [D:/Libraries/Documents/Vivado Projects/Lab 10/requirement_1/requirement_1.srcs/constrs_1/new/req1.xdc]
INFO: [Opt 31-138] Pushed 0 inverter(s) to 0 load pin(s).
Netlist sorting complete. Time (s): cpu = 00:00:00 ; elapsed = 00:00:00.001 . Memory (MB): peak = 1143.238 ; gain = 0.000
INFO: [Project 1-111] Unisim Transformation Summary:
No Unisim elements were transformed.

7 Infos, 15 Warnings, 15 Critical Warnings and 0 Errors encountered.
link_design completed successfully
link_design: Time (s): cpu = 00:00:11 ; elapsed = 00:00:14 . Memory (MB): peak = 1143.238 ; gain = 0.000
Command: opt_design
Attempting to get a license for feature 'Implementation' and/or device 'xc7z007s'
INFO: [Common 17-349] Got license for feature 'Implementation' and/or device 'xc7z007s'
Running DRC as a precondition to command opt_design

Starting DRC Task
INFO: [DRC 23-27] Running DRC with 2 threads
INFO: [Project 1-461] DRC finished with 0 Errors
INFO: [Project 1-462] Please refer to the DRC report (report_drc) for more information.

Time (s): cpu = 00:00:04 ; elapsed = 00:00:03 . Memory (MB): peak = 1143.238 ; gain = 0.000

Starting Cache Timing Information Task
INFO: [Timing 38-35] Done setting XDC timing constraints.
Ending Cache Timing Information Task | Checksum: 11591f832

Time (s): cpu = 00:00:19 ; elapsed = 00:00:21 . Memory (MB): peak = 1367.539 ; gain = 224.301

Starting Logic Optimization Task

Phase 1 Retarget
INFO: [Opt 31-138] Pushed 0 inverter(s) to 0 load pin(s).
INFO: [Opt 31-49] Retargeted 0 cell(s).
Phase 1 Retarget | Checksum: 11591f832

Time (s): cpu = 00:00:00 ; elapsed = 00:00:00.262 . Memory (MB): peak = 1574.254 ; gain = 0.000
INFO: [Opt 31-389] Phase Retarget created 0 cells and removed 0 cells

Phase 2 Constant propagation
INFO: [Opt 31-138] Pushed 0 inverter(s) to 0 load pin(s).
Phase 2 Constant propagation | Checksum: 11591f832

Time (s): cpu = 00:00:00 ; elapsed = 00:00:00.274 . Memory (MB): peak = 1574.254 ; gain = 0.000
INFO: [Opt 31-389] Phase Constant propagation created 0 cells and removed 0 cells

Phase 3 Sweep
Phase 3 Sweep | Checksum: 1d16b6924

Time (s): cpu = 00:00:00 ; elapsed = 00:00:00.394 . Memory (MB): peak = 1574.254 ; gain = 0.000
INFO: [Opt 31-389] Phase Sweep created 0 cells and removed 0 cells

Phase 4 BUFG optimization
Phase 4 BUFG optimization | Checksum: 1d16b6924

Time (s): cpu = 00:00:00 ; elapsed = 00:00:00.483 . Memory (MB): peak = 1574.254 ; gain = 0.000
INFO: [Opt 31-662] Phase BUFG optimization created 0 cells of which 0 are BUFGs and removed 0 cells.

Phase 5 Shift Register Optimization
INFO: [Opt 31-1064] SRL Remap converted 0 SRLs to 0 registers and converted 0 registers of register chains to 0 SRLs
Phase 5 Shift Register Optimization | Checksum: 1d16b6924

Time (s): cpu = 00:00:00 ; elapsed = 00:00:00.487 . Memory (MB): peak = 1574.254 ; gain = 0.000
INFO: [Opt 31-389] Phase Shift Register Optimization created 0 cells and removed 0 cells

Phase 6 Post Processing Netlist
Phase 6 Post Processing Netlist | Checksum: 1d16b6924

Time (s): cpu = 00:00:00 ; elapsed = 00:00:00.514 . Memory (MB): peak = 1574.254 ; gain = 0.000
INFO: [Opt 31-389] Phase Post Processing Netlist created 0 cells and removed 0 cells
Opt_design Change Summary
=========================


-------------------------------------------------------------------------------------------------------------------------
|  Phase                        |  #Cells created  |  #Cells Removed  |  #Constrained objects preventing optimizations  |
-------------------------------------------------------------------------------------------------------------------------
|  Retarget                     |               0  |               0  |                                              0  |
|  Constant propagation         |               0  |               0  |                                              0  |
|  Sweep                        |               0  |               0  |                                              0  |
|  BUFG optimization            |               0  |               0  |                                              0  |
|  Shift Register Optimization  |               0  |               0  |                                              0  |
|  Post Processing Netlist      |               0  |               0  |                                              0  |
-------------------------------------------------------------------------------------------------------------------------



Starting Connectivity Check Task

Time (s): cpu = 00:00:00 ; elapsed = 00:00:00.001 . Memory (MB): peak = 1574.254 ; gain = 0.000
Ending Logic Optimization Task | Checksum: 1bddf8e5f

Time (s): cpu = 00:00:00 ; elapsed = 00:00:00.533 . Memory (MB): peak = 1574.254 ; gain = 0.000

Starting Power Optimization Task
INFO: [Pwropt 34-132] Skipping clock gating for clocks with a period < 2.00 ns.
Ending Power Optimization Task | Checksum: 1bddf8e5f

Time (s): cpu = 00:00:00 ; elapsed = 00:00:00.051 . Memory (MB): peak = 1574.254 ; gain = 0.000

Starting Final Cleanup Task
Ending Final Cleanup Task | Checksum: 1bddf8e5f

Time (s): cpu = 00:00:00 ; elapsed = 00:00:00.012 . Memory (MB): peak = 1574.254 ; gain = 0.000

Starting Netlist Obfuscation Task
Netlist sorting complete. Time (s): cpu = 00:00:00 ; elapsed = 00:00:00 . Memory (MB): peak = 1574.254 ; gain = 0.000
Ending Netlist Obfuscation Task | Checksum: 1bddf8e5f

Time (s): cpu = 00:00:00 ; elapsed = 00:00:00.001 . Memory (MB): peak = 1574.254 ; gain = 0.000
INFO: [Common 17-83] Releasing license: Implementation
24 Infos, 15 Warnings, 15 Critical Warnings and 0 Errors encountered.
opt_design completed successfully
opt_design: Time (s): cpu = 00:00:29 ; elapsed = 00:00:32 . Memory (MB): peak = 1574.254 ; gain = 431.016
INFO: [Timing 38-480] Writing timing data to binary archive.
Writing placer database...
Writing XDEF routing.
Writing XDEF routing logical nets.
Writing XDEF routing special nets.
Write XDEF Complete: Time (s): cpu = 00:00:00 ; elapsed = 00:00:00.137 . Memory (MB): peak = 1574.254 ; gain = 0.000
INFO: [Common 17-1381] The checkpoint 'D:/Libraries/Documents/Vivado Projects/Lab 10/requirement_1/requirement_1.runs/impl_1/alu_opt.dcp' has been generated.
INFO: [runtcl-4] Executing : report_drc -file alu_drc_opted.rpt -pb alu_drc_opted.pb -rpx alu_drc_opted.rpx
Command: report_drc -file alu_drc_opted.rpt -pb alu_drc_opted.pb -rpx alu_drc_opted.rpx
INFO: [IP_Flow 19-234] Refreshing IP repositories
INFO: [IP_Flow 19-1704] No user IP repositories specified
INFO: [IP_Flow 19-2313] Loaded Vivado IP repository 'D:/Programs/Utility/Vivado/Vivado/2021.1/data/ip'.
INFO: [Timing 38-35] Done setting XDC timing constraints.
INFO: [DRC 23-27] Running DRC with 2 threads
INFO: [Vivado_Tcl 2-168] The results of DRC are in file D:/Libraries/Documents/Vivado Projects/Lab 10/requirement_1/requirement_1.runs/impl_1/alu_drc_opted.rpt.
report_drc completed successfully
Command: place_design
Attempting to get a license for feature 'Implementation' and/or device 'xc7z007s'
INFO: [Common 17-349] Got license for feature 'Implementation' and/or device 'xc7z007s'
INFO: [DRC 23-27] Running DRC with 2 threads
INFO: [Vivado_Tcl 4-198] DRC finished with 0 Errors
INFO: [Vivado_Tcl 4-199] Please refer to the DRC report (report_drc) for more information.
Running DRC as a precondition to command place_design
INFO: [DRC 23-27] Running DRC with 2 threads
INFO: [Vivado_Tcl 4-198] DRC finished with 0 Errors
INFO: [Vivado_Tcl 4-199] Please refer to the DRC report (report_drc) for more information.

Starting Placer Task
INFO: [Place 30-611] Multithreading enabled for place_design using a maximum of 2 CPUs

Phase 1 Placer Initialization

Phase 1.1 Placer Initialization Netlist Sorting
Netlist sorting complete. Time (s): cpu = 00:00:00 ; elapsed = 00:00:00 . Memory (MB): peak = 1622.223 ; gain = 0.000
Phase 1.1 Placer Initialization Netlist Sorting | Checksum: 165990cac

Time (s): cpu = 00:00:00 ; elapsed = 00:00:00.110 . Memory (MB): peak = 1622.223 ; gain = 0.000
Netlist sorting complete. Time (s): cpu = 00:00:00 ; elapsed = 00:00:00 . Memory (MB): peak = 1622.223 ; gain = 0.000

Phase 1.2 IO Placement/ Clock Placement/ Build Placer Device
Phase 1.2 IO Placement/ Clock Placement/ Build Placer Device | Checksum: 16b506485

Time (s): cpu = 00:00:00 ; elapsed = 00:00:00.477 . Memory (MB): peak = 1622.223 ; gain = 0.000

Phase 1.3 Build Placer Netlist Model
Phase 1.3 Build Placer Netlist Model | Checksum: 1d44f0abe

Time (s): cpu = 00:00:01 ; elapsed = 00:00:01 . Memory (MB): peak = 1622.223 ; gain = 0.000

Phase 1.4 Constrain Clocks/Macros
Phase 1.4 Constrain Clocks/Macros | Checksum: 1d44f0abe

Time (s): cpu = 00:00:01 ; elapsed = 00:00:01 . Memory (MB): peak = 1622.223 ; gain = 0.000
Phase 1 Placer Initialization | Checksum: 1d44f0abe

Time (s): cpu = 00:00:01 ; elapsed = 00:00:01 . Memory (MB): peak = 1622.223 ; gain = 0.000

Phase 2 Global Placement

Phase 2.1 Floorplanning
Phase 2.1 Floorplanning | Checksum: 1d44f0abe

Time (s): cpu = 00:00:01 ; elapsed = 00:00:02 . Memory (MB): peak = 1622.223 ; gain = 0.000

Phase 2.2 Update Timing before SLR Path Opt
Phase 2.2 Update Timing before SLR Path Opt | Checksum: 1d44f0abe

Time (s): cpu = 00:00:01 ; elapsed = 00:00:02 . Memory (MB): peak = 1622.223 ; gain = 0.000

Phase 2.3 Post-Processing in Floorplanning
Phase 2.3 Post-Processing in Floorplanning | Checksum: 1d44f0abe

Time (s): cpu = 00:00:01 ; elapsed = 00:00:02 . Memory (MB): peak = 1622.223 ; gain = 0.000

Phase 2.4 Global Placement Core
WARNING: [Place 46-29] place_design is not in timing mode. Skip physical synthesis in placer
Phase 2.4 Global Placement Core | Checksum: 194a65ee3

Time (s): cpu = 00:00:03 ; elapsed = 00:00:03 . Memory (MB): peak = 1622.223 ; gain = 0.000
Phase 2 Global Placement | Checksum: 194a65ee3

Time (s): cpu = 00:00:03 ; elapsed = 00:00:03 . Memory (MB): peak = 1622.223 ; gain = 0.000

Phase 3 Detail Placement

Phase 3.1 Commit Multi Column Macros
Phase 3.1 Commit Multi Column Macros | Checksum: 194a65ee3

Time (s): cpu = 00:00:03 ; elapsed = 00:00:03 . Memory (MB): peak = 1622.223 ; gain = 0.000

Phase 3.2 Commit Most Macros & LUTRAMs
Phase 3.2 Commit Most Macros & LUTRAMs | Checksum: 26734222b

Time (s): cpu = 00:00:03 ; elapsed = 00:00:03 . Memory (MB): peak = 1622.223 ; gain = 0.000

Phase 3.3 Area Swap Optimization
Phase 3.3 Area Swap Optimization | Checksum: 26e347f27

Time (s): cpu = 00:00:03 ; elapsed = 00:00:03 . Memory (MB): peak = 1622.223 ; gain = 0.000

Phase 3.4 Pipeline Register Optimization
Phase 3.4 Pipeline Register Optimization | Checksum: 26e347f27

Time (s): cpu = 00:00:03 ; elapsed = 00:00:03 . Memory (MB): peak = 1622.223 ; gain = 0.000

Phase 3.5 Small Shape Detail Placement
Phase 3.5 Small Shape Detail Placement | Checksum: 1b2acff1d

Time (s): cpu = 00:00:03 ; elapsed = 00:00:03 . Memory (MB): peak = 1622.223 ; gain = 0.000

Phase 3.6 Re-assign LUT pins
Phase 3.6 Re-assign LUT pins | Checksum: 1b5661d5b

Time (s): cpu = 00:00:03 ; elapsed = 00:00:03 . Memory (MB): peak = 1622.223 ; gain = 0.000

Phase 3.7 Pipeline Register Optimization
Phase 3.7 Pipeline Register Optimization | Checksum: 1b5661d5b

Time (s): cpu = 00:00:03 ; elapsed = 00:00:03 . Memory (MB): peak = 1622.223 ; gain = 0.000
Phase 3 Detail Placement | Checksum: 1b5661d5b

Time (s): cpu = 00:00:03 ; elapsed = 00:00:03 . Memory (MB): peak = 1622.223 ; gain = 0.000

Phase 4 Post Placement Optimization and Clean-Up

Phase 4.1 Post Commit Optimization
Phase 4.1 Post Commit Optimization | Checksum: 1b5661d5b

Time (s): cpu = 00:00:03 ; elapsed = 00:00:03 . Memory (MB): peak = 1622.223 ; gain = 0.000

Phase 4.2 Post Placement Cleanup
Phase 4.2 Post Placement Cleanup | Checksum: 1b5661d5b

Time (s): cpu = 00:00:03 ; elapsed = 00:00:03 . Memory (MB): peak = 1622.223 ; gain = 0.000

Phase 4.3 Placer Reporting

Phase 4.3.1 Print Estimated Congestion
INFO: [Place 30-612] Post-Placement Estimated Congestion 
 ____________________________________________________
|           | Global Congestion | Short Congestion  |
| Direction | Region Size       | Region Size       |
|___________|___________________|___________________|
|      North|                1x1|                1x1|
|___________|___________________|___________________|
|      South|                1x1|                1x1|
|___________|___________________|___________________|
|       East|                1x1|                1x1|
|___________|___________________|___________________|
|       West|                1x1|                1x1|
|___________|___________________|___________________|

Phase 4.3.1 Print Estimated Congestion | Checksum: 1b5661d5b

Time (s): cpu = 00:00:03 ; elapsed = 00:00:03 . Memory (MB): peak = 1622.223 ; gain = 0.000
Phase 4.3 Placer Reporting | Checksum: 1b5661d5b

Time (s): cpu = 00:00:03 ; elapsed = 00:00:03 . Memory (MB): peak = 1622.223 ; gain = 0.000

Phase 4.4 Final Placement Cleanup
Netlist sorting complete. Time (s): cpu = 00:00:00 ; elapsed = 00:00:00 . Memory (MB): peak = 1622.223 ; gain = 0.000

Time (s): cpu = 00:00:03 ; elapsed = 00:00:03 . Memory (MB): peak = 1622.223 ; gain = 0.000
Phase 4 Post Placement Optimization and Clean-Up | Checksum: 1b5661d5b

Time (s): cpu = 00:00:03 ; elapsed = 00:00:03 . Memory (MB): peak = 1622.223 ; gain = 0.000
Ending Placer Task | Checksum: 17287ed56

Time (s): cpu = 00:00:03 ; elapsed = 00:00:03 . Memory (MB): peak = 1622.223 ; gain = 0.000
INFO: [Common 17-83] Releasing license: Implementation
43 Infos, 16 Warnings, 15 Critical Warnings and 0 Errors encountered.
place_design completed successfully
place_design: Time (s): cpu = 00:00:06 ; elapsed = 00:00:05 . Memory (MB): peak = 1622.223 ; gain = 0.949
INFO: [Timing 38-480] Writing timing data to binary archive.
Writing placer database...
Writing XDEF routing.
Writing XDEF routing logical nets.
Writing XDEF routing special nets.
Write XDEF Complete: Time (s): cpu = 00:00:01 ; elapsed = 00:00:00.145 . Memory (MB): peak = 1622.223 ; gain = 0.000
INFO: [Common 17-1381] The checkpoint 'D:/Libraries/Documents/Vivado Projects/Lab 10/requirement_1/requirement_1.runs/impl_1/alu_placed.dcp' has been generated.
INFO: [runtcl-4] Executing : report_io -file alu_io_placed.rpt
report_io: Time (s): cpu = 00:00:00 ; elapsed = 00:00:00.132 . Memory (MB): peak = 1622.223 ; gain = 0.000
INFO: [runtcl-4] Executing : report_utilization -file alu_utilization_placed.rpt -pb alu_utilization_placed.pb
INFO: [runtcl-4] Executing : report_control_sets -verbose -file alu_control_sets_placed.rpt
report_control_sets: Time (s): cpu = 00:00:00 ; elapsed = 00:00:00.002 . Memory (MB): peak = 1622.223 ; gain = 0.000
Command: phys_opt_design
Attempting to get a license for feature 'Implementation' and/or device 'xc7z007s'
INFO: [Common 17-349] Got license for feature 'Implementation' and/or device 'xc7z007s'
INFO: [Timing 38-35] Done setting XDC timing constraints.
INFO: [Vivado_Tcl 4-383] Design worst setup slack (WNS) is greater than or equal to 0.000 ns. Skipping all physical synthesis optimizations.
INFO: [Vivado_Tcl 4-232] No setup violation found. The netlist was not modified.
INFO: [Common 17-83] Releasing license: Implementation
53 Infos, 16 Warnings, 15 Critical Warnings and 0 Errors encountered.
phys_opt_design completed successfully
INFO: [Timing 38-480] Writing timing data to binary archive.
Writing placer database...
Writing XDEF routing.
Writing XDEF routing logical nets.
Writing XDEF routing special nets.
Write XDEF Complete: Time (s): cpu = 00:00:00 ; elapsed = 00:00:00.110 . Memory (MB): peak = 1622.223 ; gain = 0.000
INFO: [Common 17-1381] The checkpoint 'D:/Libraries/Documents/Vivado Projects/Lab 10/requirement_1/requirement_1.runs/impl_1/alu_physopt.dcp' has been generated.
Command: route_design
Attempting to get a license for feature 'Implementation' and/or device 'xc7z007s'
INFO: [Common 17-349] Got license for feature 'Implementation' and/or device 'xc7z007s'
Running DRC as a precondition to command route_design
INFO: [DRC 23-27] Running DRC with 2 threads
INFO: [Vivado_Tcl 4-198] DRC finished with 0 Errors
INFO: [Vivado_Tcl 4-199] Please refer to the DRC report (report_drc) for more information.


Starting Routing Task
INFO: [Route 35-254] Multithreading enabled for route_design using a maximum of 2 CPUs
Checksum: PlaceDB: bee81172 ConstDB: 0 ShapeSum: b39fdbe4 RouteDB: 0

Phase 1 Build RT Design
Phase 1 Build RT Design | Checksum: 13b704302

Time (s): cpu = 00:00:23 ; elapsed = 00:00:21 . Memory (MB): peak = 1664.785 ; gain = 36.938
Post Restoration Checksum: NetGraph: fcd1073b NumContArr: 3e9f3bc7 Constraints: 0 Timing: 0

Phase 2 Router Initialization

Phase 2.1 Create Timer
Phase 2.1 Create Timer | Checksum: 13b704302

Time (s): cpu = 00:00:23 ; elapsed = 00:00:21 . Memory (MB): peak = 1664.785 ; gain = 36.938

Phase 2.2 Fix Topology Constraints
Phase 2.2 Fix Topology Constraints | Checksum: 13b704302

Time (s): cpu = 00:00:23 ; elapsed = 00:00:21 . Memory (MB): peak = 1670.828 ; gain = 42.980

Phase 2.3 Pre Route Cleanup
Phase 2.3 Pre Route Cleanup | Checksum: 13b704302

Time (s): cpu = 00:00:23 ; elapsed = 00:00:21 . Memory (MB): peak = 1670.828 ; gain = 42.980
 Number of Nodes with overlaps = 0

Phase 2.4 Update Timing
Phase 2.4 Update Timing | Checksum: b0310acd

Time (s): cpu = 00:00:23 ; elapsed = 00:00:22 . Memory (MB): peak = 1674.395 ; gain = 46.547
INFO: [Route 35-416] Intermediate Timing Summary | WNS=7.674  | TNS=0.000  | WHS=0.000  | THS=0.000  |

Phase 2 Router Initialization | Checksum: 8074c301

Time (s): cpu = 00:00:23 ; elapsed = 00:00:22 . Memory (MB): peak = 1674.395 ; gain = 46.547

Router Utilization Summary
  Global Vertical Routing Utilization    = 0 %
  Global Horizontal Routing Utilization  = 0 %
  Routable Net Status*
  *Does not include unroutable nets such as driverless and loadless.
  Run report_route_status for detailed report.
  Number of Failed Nets               = 125
    (Failed Nets is the sum of unrouted and partially routed nets)
  Number of Unrouted Nets             = 125
  Number of Partially Routed Nets     = 0
  Number of Node Overlaps             = 0


Phase 3 Initial Routing

Phase 3.1 Global Routing
Phase 3.1 Global Routing | Checksum: 8074c301

Time (s): cpu = 00:00:23 ; elapsed = 00:00:22 . Memory (MB): peak = 1674.703 ; gain = 46.855
Phase 3 Initial Routing | Checksum: 12b97d394

Time (s): cpu = 00:00:23 ; elapsed = 00:00:22 . Memory (MB): peak = 1674.703 ; gain = 46.855

Phase 4 Rip-up And Reroute

Phase 4.1 Global Iteration 0
 Number of Nodes with overlaps = 7
 Number of Nodes with overlaps = 0
INFO: [Route 35-416] Intermediate Timing Summary | WNS=7.485  | TNS=0.000  | WHS=N/A    | THS=N/A    |

Phase 4.1 Global Iteration 0 | Checksum: 142192843

Time (s): cpu = 00:00:23 ; elapsed = 00:00:22 . Memory (MB): peak = 1674.703 ; gain = 46.855
Phase 4 Rip-up And Reroute | Checksum: 142192843

Time (s): cpu = 00:00:23 ; elapsed = 00:00:22 . Memory (MB): peak = 1674.703 ; gain = 46.855

Phase 5 Delay and Skew Optimization

Phase 5.1 Delay CleanUp
Phase 5.1 Delay CleanUp | Checksum: 142192843

Time (s): cpu = 00:00:23 ; elapsed = 00:00:22 . Memory (MB): peak = 1674.703 ; gain = 46.855

Phase 5.2 Clock Skew Optimization
Phase 5.2 Clock Skew Optimization | Checksum: 142192843

Time (s): cpu = 00:00:23 ; elapsed = 00:00:22 . Memory (MB): peak = 1674.703 ; gain = 46.855
Phase 5 Delay and Skew Optimization | Checksum: 142192843

Time (s): cpu = 00:00:23 ; elapsed = 00:00:22 . Memory (MB): peak = 1674.703 ; gain = 46.855

Phase 6 Post Hold Fix

Phase 6.1 Hold Fix Iter

Phase 6.1.1 Update Timing
Phase 6.1.1 Update Timing | Checksum: ed2355ad

Time (s): cpu = 00:00:23 ; elapsed = 00:00:22 . Memory (MB): peak = 1674.703 ; gain = 46.855
INFO: [Route 35-416] Intermediate Timing Summary | WNS=7.638  | TNS=0.000  | WHS=0.292  | THS=0.000  |

Phase 6.1 Hold Fix Iter | Checksum: ed2355ad

Time (s): cpu = 00:00:23 ; elapsed = 00:00:22 . Memory (MB): peak = 1674.703 ; gain = 46.855
Phase 6 Post Hold Fix | Checksum: ed2355ad

Time (s): cpu = 00:00:23 ; elapsed = 00:00:22 . Memory (MB): peak = 1674.703 ; gain = 46.855

Phase 7 Route finalize

Router Utilization Summary
  Global Vertical Routing Utilization    = 0.0914977 %
  Global Horizontal Routing Utilization  = 0.0535386 %
  Routable Net Status*
  *Does not include unroutable nets such as driverless and loadless.
  Run report_route_status for detailed report.
  Number of Failed Nets               = 0
    (Failed Nets is the sum of unrouted and partially routed nets)
  Number of Unrouted Nets             = 0
  Number of Partially Routed Nets     = 0
  Number of Node Overlaps             = 0

Phase 7 Route finalize | Checksum: ed2355ad

Time (s): cpu = 00:00:24 ; elapsed = 00:00:22 . Memory (MB): peak = 1674.703 ; gain = 46.855

Phase 8 Verifying routed nets

 Verification completed successfully
Phase 8 Verifying routed nets | Checksum: ed2355ad

Time (s): cpu = 00:00:24 ; elapsed = 00:00:22 . Memory (MB): peak = 1675.734 ; gain = 47.887

Phase 9 Depositing Routes
Phase 9 Depositing Routes | Checksum: a2e9cfda

Time (s): cpu = 00:00:24 ; elapsed = 00:00:22 . Memory (MB): peak = 1675.734 ; gain = 47.887

Phase 10 Post Router Timing
INFO: [Route 35-57] Estimated Timing Summary | WNS=7.638  | TNS=0.000  | WHS=0.292  | THS=0.000  |

INFO: [Route 35-327] The final timing numbers are based on the router estimated timing analysis. For a complete and accurate timing signoff, please run report_timing_summary.
Phase 10 Post Router Timing | Checksum: a2e9cfda

Time (s): cpu = 00:00:24 ; elapsed = 00:00:22 . Memory (MB): peak = 1675.734 ; gain = 47.887
INFO: [Route 35-16] Router Completed Successfully

Time (s): cpu = 00:00:24 ; elapsed = 00:00:22 . Memory (MB): peak = 1675.734 ; gain = 47.887

Routing Is Done.
INFO: [Common 17-83] Releasing license: Implementation
67 Infos, 16 Warnings, 15 Critical Warnings and 0 Errors encountered.
route_design completed successfully
route_design: Time (s): cpu = 00:00:27 ; elapsed = 00:00:24 . Memory (MB): peak = 1675.734 ; gain = 53.512
INFO: [Timing 38-480] Writing timing data to binary archive.
Writing placer database...
Writing XDEF routing.
Writing XDEF routing logical nets.
Writing XDEF routing special nets.
Write XDEF Complete: Time (s): cpu = 00:00:00 ; elapsed = 00:00:00.144 . Memory (MB): peak = 1685.617 ; gain = 9.883
INFO: [Common 17-1381] The checkpoint 'D:/Libraries/Documents/Vivado Projects/Lab 10/requirement_1/requirement_1.runs/impl_1/alu_routed.dcp' has been generated.
INFO: [runtcl-4] Executing : report_drc -file alu_drc_routed.rpt -pb alu_drc_routed.pb -rpx alu_drc_routed.rpx
Command: report_drc -file alu_drc_routed.rpt -pb alu_drc_routed.pb -rpx alu_drc_routed.rpx
INFO: [IP_Flow 19-1839] IP Catalog is up to date.
INFO: [DRC 23-27] Running DRC with 2 threads
INFO: [Vivado_Tcl 2-168] The results of DRC are in file D:/Libraries/Documents/Vivado Projects/Lab 10/requirement_1/requirement_1.runs/impl_1/alu_drc_routed.rpt.
report_drc completed successfully
INFO: [runtcl-4] Executing : report_methodology -file alu_methodology_drc_routed.rpt -pb alu_methodology_drc_routed.pb -rpx alu_methodology_drc_routed.rpx
Command: report_methodology -file alu_methodology_drc_routed.rpt -pb alu_methodology_drc_routed.pb -rpx alu_methodology_drc_routed.rpx
INFO: [Timing 38-35] Done setting XDC timing constraints.
INFO: [DRC 23-133] Running Methodology with 2 threads
INFO: [Vivado_Tcl 2-1520] The results of Report Methodology are in file D:/Libraries/Documents/Vivado Projects/Lab 10/requirement_1/requirement_1.runs/impl_1/alu_methodology_drc_routed.rpt.
report_methodology completed successfully
INFO: [runtcl-4] Executing : report_power -file alu_power_routed.rpt -pb alu_power_summary_routed.pb -rpx alu_power_routed.rpx
Command: report_power -file alu_power_routed.rpt -pb alu_power_summary_routed.pb -rpx alu_power_routed.rpx
INFO: [Timing 38-35] Done setting XDC timing constraints.
Running Vector-less Activity Propagation...

Finished Running Vector-less Activity Propagation
79 Infos, 16 Warnings, 15 Critical Warnings and 0 Errors encountered.
report_power completed successfully
INFO: [runtcl-4] Executing : report_route_status -file alu_route_status.rpt -pb alu_route_status.pb
INFO: [runtcl-4] Executing : report_timing_summary -max_paths 10 -file alu_timing_summary_routed.rpt -pb alu_timing_summary_routed.pb -rpx alu_timing_summary_routed.rpx -warn_on_violation 
INFO: [Timing 38-91] UpdateTimingParams: Speed grade: -1, Delay Type: min_max.
INFO: [Timing 38-191] Multithreading enabled for timing update using a maximum of 2 CPUs
INFO: [runtcl-4] Executing : report_incremental_reuse -file alu_incremental_reuse_routed.rpt
INFO: [Vivado_Tcl 4-1062] Incremental flow is disabled. No incremental reuse Info to report.
INFO: [runtcl-4] Executing : report_clock_utilization -file alu_clock_utilization_routed.rpt
INFO: [runtcl-4] Executing : report_bus_skew -warn_on_violation -file alu_bus_skew_routed.rpt -pb alu_bus_skew_routed.pb -rpx alu_bus_skew_routed.rpx
INFO: [Timing 38-91] UpdateTimingParams: Speed grade: -1, Delay Type: min_max.
INFO: [Timing 38-191] Multithreading enabled for timing update using a maximum of 2 CPUs
Command: write_bitstream -force alu.bit
Attempting to get a license for feature 'Implementation' and/or device 'xc7z007s'
INFO: [Common 17-349] Got license for feature 'Implementation' and/or device 'xc7z007s'
Running DRC as a precondition to command write_bitstream
INFO: [IP_Flow 19-1839] IP Catalog is up to date.
INFO: [DRC 23-27] Running DRC with 2 threads
WARNING: [DRC ZPS7-1] PS7 block required: The PS7 cell must be used in this Zynq design in order to enable correct default configuration.
INFO: [Vivado 12-3199] DRC finished with 0 Errors, 1 Warnings
INFO: [Vivado 12-3200] Please refer to the DRC report (report_drc) for more information.
INFO: [Designutils 20-2272] Running write_bitstream with 2 threads.
Loading data files...
Loading site data...
Loading route data...
Processing options...
Creating bitmap...
Creating bitstream...
Writing bitstream ./alu.bit...
INFO: [Vivado 12-1842] Bitgen Completed Successfully.
INFO: [#UNDEF] WebTalk data collection is mandatory when using a WebPACK part without a full Vivado license. To see the specific WebTalk data collected for your design, open the usage_statistics_webtalk.html or usage_statistics_webtalk.xml file in the implementation directory.
Access is denied.
Access is denied.
INFO: [Common 17-83] Releasing license: Implementation
12 Infos, 1 Warnings, 0 Critical Warnings and 0 Errors encountered.
write_bitstream completed successfully
write_bitstream: Time (s): cpu = 00:00:22 ; elapsed = 00:00:21 . Memory (MB): peak = 2134.223 ; gain = 411.250
INFO: [Common 17-206] Exiting Vivado at Wed Nov 10 13:45:38 2021...
