#-----------------------------------------------------------
# Vivado v2021.1 (64-bit)
# SW Build 3247384 on Thu Jun 10 19:36:33 MDT 2021
# IP Build 3246043 on Fri Jun 11 00:30:35 MDT 2021
# Start of session at: Thu Sep 30 11:41:06 2021
# Process ID: 4108
# Current directory: D:/Libraries/Documents/Vivado Projects/Lab 4 Copy/requirement_3
# Command line: vivado.exe -gui_launcher_event rodinguilauncherevent12628 D:\Libraries\Documents\Vivado Projects\Lab 4 Copy\requirement_3\requirement_3.xpr
# Log file: D:/Libraries/Documents/Vivado Projects/Lab 4 Copy/requirement_3/vivado.log
# Journal file: D:/Libraries/Documents/Vivado Projects/Lab 4 Copy/requirement_3\vivado.jou
#-----------------------------------------------------------
start_gui
open_project {D:/Libraries/Documents/Vivado Projects/Lab 4 Copy/requirement_3/requirement_3.xpr}
INFO: [Project 1-313] Project file moved from 'D:/Libraries/Documents/Vivado Projects/Lab 4/requirement_3' since last save.
WARNING: [filemgmt 56-2] Default IP Output Path : Could not find the directory 'D:/Libraries/Documents/Vivado Projects/Lab 4 Copy/requirement_3/requirement_3.gen/sources_1', nor could it be found using path 'D:/Libraries/Documents/Vivado Projects/Lab 4/requirement_3/requirement_3.gen/sources_1'.
Scanning sources...
Finished scanning sources
INFO: [IP_Flow 19-234] Refreshing IP repositories
INFO: [IP_Flow 19-1704] No user IP repositories specified
INFO: [IP_Flow 19-2313] Loaded Vivado IP repository 'D:/Programs/Utility/Vivado/Vivado/2021.1/data/ip'.
open_project: Time (s): cpu = 00:00:36 ; elapsed = 00:00:20 . Memory (MB): peak = 1496.133 ; gain = 0.000
update_compile_order -fileset sources_1
exit
INFO: [Common 17-206] Exiting Vivado at Thu Sep 30 11:47:16 2021...
