
*** Running vivado
    with args -log pipo_shifter.vdi -applog -m64 -product Vivado -messageDb vivado.pb -mode batch -source pipo_shifter.tcl -notrace



****** Vivado v2021.1 (64-bit)
  **** SW Build 3247384 on Thu Jun 10 19:36:33 MDT 2021
  **** IP Build 3246043 on Fri Jun 11 00:30:35 MDT 2021
    ** Copyright 1986-2021 Xilinx, Inc. All Rights Reserved.

source pipo_shifter.tcl -notrace
Command: link_design -top pipo_shifter -part xc7z007sclg400-1
Design is defaulting to srcset: sources_1
Design is defaulting to constrset: constrs_1
INFO: [Device 21-403] Loading part xc7z007sclg400-1
Netlist sorting complete. Time (s): cpu = 00:00:00 ; elapsed = 00:00:00 . Memory (MB): peak = 1143.809 ; gain = 0.000
INFO: [Project 1-479] Netlist was created with Vivado 2021.1
INFO: [Project 1-570] Preparing netlist for logic optimization
Parsing XDC File [D:/Libraries/Documents/Vivado Projects/Lab 7/requirement_4/requirement_4.srcs/constrs_1/new/req4.xdc]
WARNING: [Vivado 12-584] No ports matched 'led[8]'. [D:/Libraries/Documents/Vivado Projects/Lab 7/requirement_4/requirement_4.srcs/constrs_1/new/req4.xdc:18]
CRITICAL WARNING: [Common 17-55] 'set_property' expects at least one object. [D:/Libraries/Documents/Vivado Projects/Lab 7/requirement_4/requirement_4.srcs/constrs_1/new/req4.xdc:18]
Resolution: If [get_<value>] was used to populate the object, check to make sure this command returns at least one valid object.
WARNING: [Vivado 12-584] No ports matched 'led[9]'. [D:/Libraries/Documents/Vivado Projects/Lab 7/requirement_4/requirement_4.srcs/constrs_1/new/req4.xdc:19]
CRITICAL WARNING: [Common 17-55] 'set_property' expects at least one object. [D:/Libraries/Documents/Vivado Projects/Lab 7/requirement_4/requirement_4.srcs/constrs_1/new/req4.xdc:19]
Resolution: If [get_<value>] was used to populate the object, check to make sure this command returns at least one valid object.
WARNING: [Vivado 12-584] No ports matched 'RGB_led_A[0]'. [D:/Libraries/Documents/Vivado Projects/Lab 7/requirement_4/requirement_4.srcs/constrs_1/new/req4.xdc:22]
CRITICAL WARNING: [Common 17-55] 'set_property' expects at least one object. [D:/Libraries/Documents/Vivado Projects/Lab 7/requirement_4/requirement_4.srcs/constrs_1/new/req4.xdc:22]
Resolution: If [get_<value>] was used to populate the object, check to make sure this command returns at least one valid object.
WARNING: [Vivado 12-584] No ports matched 'RGB_led_A[1]'. [D:/Libraries/Documents/Vivado Projects/Lab 7/requirement_4/requirement_4.srcs/constrs_1/new/req4.xdc:23]
CRITICAL WARNING: [Common 17-55] 'set_property' expects at least one object. [D:/Libraries/Documents/Vivado Projects/Lab 7/requirement_4/requirement_4.srcs/constrs_1/new/req4.xdc:23]
Resolution: If [get_<value>] was used to populate the object, check to make sure this command returns at least one valid object.
WARNING: [Vivado 12-584] No ports matched 'RGB_led_A[2]'. [D:/Libraries/Documents/Vivado Projects/Lab 7/requirement_4/requirement_4.srcs/constrs_1/new/req4.xdc:24]
CRITICAL WARNING: [Common 17-55] 'set_property' expects at least one object. [D:/Libraries/Documents/Vivado Projects/Lab 7/requirement_4/requirement_4.srcs/constrs_1/new/req4.xdc:24]
Resolution: If [get_<value>] was used to populate the object, check to make sure this command returns at least one valid object.
WARNING: [Vivado 12-584] No ports matched 'RGB_led_B[0]'. [D:/Libraries/Documents/Vivado Projects/Lab 7/requirement_4/requirement_4.srcs/constrs_1/new/req4.xdc:26]
CRITICAL WARNING: [Common 17-55] 'set_property' expects at least one object. [D:/Libraries/Documents/Vivado Projects/Lab 7/requirement_4/requirement_4.srcs/constrs_1/new/req4.xdc:26]
Resolution: If [get_<value>] was used to populate the object, check to make sure this command returns at least one valid object.
WARNING: [Vivado 12-584] No ports matched 'RGB_led_B[1]'. [D:/Libraries/Documents/Vivado Projects/Lab 7/requirement_4/requirement_4.srcs/constrs_1/new/req4.xdc:27]
CRITICAL WARNING: [Common 17-55] 'set_property' expects at least one object. [D:/Libraries/Documents/Vivado Projects/Lab 7/requirement_4/requirement_4.srcs/constrs_1/new/req4.xdc:27]
Resolution: If [get_<value>] was used to populate the object, check to make sure this command returns at least one valid object.
WARNING: [Vivado 12-584] No ports matched 'RGB_led_B[2]'. [D:/Libraries/Documents/Vivado Projects/Lab 7/requirement_4/requirement_4.srcs/constrs_1/new/req4.xdc:28]
CRITICAL WARNING: [Common 17-55] 'set_property' expects at least one object. [D:/Libraries/Documents/Vivado Projects/Lab 7/requirement_4/requirement_4.srcs/constrs_1/new/req4.xdc:28]
Resolution: If [get_<value>] was used to populate the object, check to make sure this command returns at least one valid object.
WARNING: [Vivado 12-584] No ports matched 'sw[8]'. [D:/Libraries/Documents/Vivado Projects/Lab 7/requirement_4/requirement_4.srcs/constrs_1/new/req4.xdc:39]
CRITICAL WARNING: [Common 17-55] 'set_property' expects at least one object. [D:/Libraries/Documents/Vivado Projects/Lab 7/requirement_4/requirement_4.srcs/constrs_1/new/req4.xdc:39]
Resolution: If [get_<value>] was used to populate the object, check to make sure this command returns at least one valid object.
WARNING: [Vivado 12-584] No ports matched 'sw[9]'. [D:/Libraries/Documents/Vivado Projects/Lab 7/requirement_4/requirement_4.srcs/constrs_1/new/req4.xdc:40]
CRITICAL WARNING: [Common 17-55] 'set_property' expects at least one object. [D:/Libraries/Documents/Vivado Projects/Lab 7/requirement_4/requirement_4.srcs/constrs_1/new/req4.xdc:40]
Resolution: If [get_<value>] was used to populate the object, check to make sure this command returns at least one valid object.
WARNING: [Vivado 12-584] No ports matched 'sw[10]'. [D:/Libraries/Documents/Vivado Projects/Lab 7/requirement_4/requirement_4.srcs/constrs_1/new/req4.xdc:41]
CRITICAL WARNING: [Common 17-55] 'set_property' expects at least one object. [D:/Libraries/Documents/Vivado Projects/Lab 7/requirement_4/requirement_4.srcs/constrs_1/new/req4.xdc:41]
Resolution: If [get_<value>] was used to populate the object, check to make sure this command returns at least one valid object.
WARNING: [Vivado 12-584] No ports matched 'sw[11]'. [D:/Libraries/Documents/Vivado Projects/Lab 7/requirement_4/requirement_4.srcs/constrs_1/new/req4.xdc:42]
CRITICAL WARNING: [Common 17-55] 'set_property' expects at least one object. [D:/Libraries/Documents/Vivado Projects/Lab 7/requirement_4/requirement_4.srcs/constrs_1/new/req4.xdc:42]
Resolution: If [get_<value>] was used to populate the object, check to make sure this command returns at least one valid object.
WARNING: [Vivado 12-584] No ports matched 'btn[2]'. [D:/Libraries/Documents/Vivado Projects/Lab 7/requirement_4/requirement_4.srcs/constrs_1/new/req4.xdc:47]
CRITICAL WARNING: [Common 17-55] 'set_property' expects at least one object. [D:/Libraries/Documents/Vivado Projects/Lab 7/requirement_4/requirement_4.srcs/constrs_1/new/req4.xdc:47]
Resolution: If [get_<value>] was used to populate the object, check to make sure this command returns at least one valid object.
WARNING: [Vivado 12-584] No ports matched 'btn[3]'. [D:/Libraries/Documents/Vivado Projects/Lab 7/requirement_4/requirement_4.srcs/constrs_1/new/req4.xdc:48]
CRITICAL WARNING: [Common 17-55] 'set_property' expects at least one object. [D:/Libraries/Documents/Vivado Projects/Lab 7/requirement_4/requirement_4.srcs/constrs_1/new/req4.xdc:48]
Resolution: If [get_<value>] was used to populate the object, check to make sure this command returns at least one valid object.
WARNING: [Vivado 12-584] No ports matched 'seg_an[0]'. [D:/Libraries/Documents/Vivado Projects/Lab 7/requirement_4/requirement_4.srcs/constrs_1/new/req4.xdc:51]
CRITICAL WARNING: [Common 17-55] 'set_property' expects at least one object. [D:/Libraries/Documents/Vivado Projects/Lab 7/requirement_4/requirement_4.srcs/constrs_1/new/req4.xdc:51]
Resolution: If [get_<value>] was used to populate the object, check to make sure this command returns at least one valid object.
WARNING: [Vivado 12-584] No ports matched 'seg_an[1]'. [D:/Libraries/Documents/Vivado Projects/Lab 7/requirement_4/requirement_4.srcs/constrs_1/new/req4.xdc:52]
CRITICAL WARNING: [Common 17-55] 'set_property' expects at least one object. [D:/Libraries/Documents/Vivado Projects/Lab 7/requirement_4/requirement_4.srcs/constrs_1/new/req4.xdc:52]
Resolution: If [get_<value>] was used to populate the object, check to make sure this command returns at least one valid object.
WARNING: [Vivado 12-584] No ports matched 'seg_an[2]'. [D:/Libraries/Documents/Vivado Projects/Lab 7/requirement_4/requirement_4.srcs/constrs_1/new/req4.xdc:53]
CRITICAL WARNING: [Common 17-55] 'set_property' expects at least one object. [D:/Libraries/Documents/Vivado Projects/Lab 7/requirement_4/requirement_4.srcs/constrs_1/new/req4.xdc:53]
Resolution: If [get_<value>] was used to populate the object, check to make sure this command returns at least one valid object.
WARNING: [Vivado 12-584] No ports matched 'seg_an[3]'. [D:/Libraries/Documents/Vivado Projects/Lab 7/requirement_4/requirement_4.srcs/constrs_1/new/req4.xdc:54]
CRITICAL WARNING: [Common 17-55] 'set_property' expects at least one object. [D:/Libraries/Documents/Vivado Projects/Lab 7/requirement_4/requirement_4.srcs/constrs_1/new/req4.xdc:54]
Resolution: If [get_<value>] was used to populate the object, check to make sure this command returns at least one valid object.
WARNING: [Vivado 12-584] No ports matched 'seg_cat[0]'. [D:/Libraries/Documents/Vivado Projects/Lab 7/requirement_4/requirement_4.srcs/constrs_1/new/req4.xdc:57]
CRITICAL WARNING: [Common 17-55] 'set_property' expects at least one object. [D:/Libraries/Documents/Vivado Projects/Lab 7/requirement_4/requirement_4.srcs/constrs_1/new/req4.xdc:57]
Resolution: If [get_<value>] was used to populate the object, check to make sure this command returns at least one valid object.
WARNING: [Vivado 12-584] No ports matched 'seg_cat[1]'. [D:/Libraries/Documents/Vivado Projects/Lab 7/requirement_4/requirement_4.srcs/constrs_1/new/req4.xdc:58]
CRITICAL WARNING: [Common 17-55] 'set_property' expects at least one object. [D:/Libraries/Documents/Vivado Projects/Lab 7/requirement_4/requirement_4.srcs/constrs_1/new/req4.xdc:58]
Resolution: If [get_<value>] was used to populate the object, check to make sure this command returns at least one valid object.
WARNING: [Vivado 12-584] No ports matched 'seg_cat[2]'. [D:/Libraries/Documents/Vivado Projects/Lab 7/requirement_4/requirement_4.srcs/constrs_1/new/req4.xdc:59]
CRITICAL WARNING: [Common 17-55] 'set_property' expects at least one object. [D:/Libraries/Documents/Vivado Projects/Lab 7/requirement_4/requirement_4.srcs/constrs_1/new/req4.xdc:59]
Resolution: If [get_<value>] was used to populate the object, check to make sure this command returns at least one valid object.
WARNING: [Vivado 12-584] No ports matched 'seg_cat[3]'. [D:/Libraries/Documents/Vivado Projects/Lab 7/requirement_4/requirement_4.srcs/constrs_1/new/req4.xdc:60]
CRITICAL WARNING: [Common 17-55] 'set_property' expects at least one object. [D:/Libraries/Documents/Vivado Projects/Lab 7/requirement_4/requirement_4.srcs/constrs_1/new/req4.xdc:60]
Resolution: If [get_<value>] was used to populate the object, check to make sure this command returns at least one valid object.
WARNING: [Vivado 12-584] No ports matched 'seg_cat[4]'. [D:/Libraries/Documents/Vivado Projects/Lab 7/requirement_4/requirement_4.srcs/constrs_1/new/req4.xdc:61]
CRITICAL WARNING: [Common 17-55] 'set_property' expects at least one object. [D:/Libraries/Documents/Vivado Projects/Lab 7/requirement_4/requirement_4.srcs/constrs_1/new/req4.xdc:61]
Resolution: If [get_<value>] was used to populate the object, check to make sure this command returns at least one valid object.
WARNING: [Vivado 12-584] No ports matched 'seg_cat[5]'. [D:/Libraries/Documents/Vivado Projects/Lab 7/requirement_4/requirement_4.srcs/constrs_1/new/req4.xdc:62]
CRITICAL WARNING: [Common 17-55] 'set_property' expects at least one object. [D:/Libraries/Documents/Vivado Projects/Lab 7/requirement_4/requirement_4.srcs/constrs_1/new/req4.xdc:62]
Resolution: If [get_<value>] was used to populate the object, check to make sure this command returns at least one valid object.
WARNING: [Vivado 12-584] No ports matched 'seg_cat[6]'. [D:/Libraries/Documents/Vivado Projects/Lab 7/requirement_4/requirement_4.srcs/constrs_1/new/req4.xdc:63]
CRITICAL WARNING: [Common 17-55] 'set_property' expects at least one object. [D:/Libraries/Documents/Vivado Projects/Lab 7/requirement_4/requirement_4.srcs/constrs_1/new/req4.xdc:63]
Resolution: If [get_<value>] was used to populate the object, check to make sure this command returns at least one valid object.
WARNING: [Vivado 12-584] No ports matched 'seg_cat[7]'. [D:/Libraries/Documents/Vivado Projects/Lab 7/requirement_4/requirement_4.srcs/constrs_1/new/req4.xdc:64]
CRITICAL WARNING: [Common 17-55] 'set_property' expects at least one object. [D:/Libraries/Documents/Vivado Projects/Lab 7/requirement_4/requirement_4.srcs/constrs_1/new/req4.xdc:64]
Resolution: If [get_<value>] was used to populate the object, check to make sure this command returns at least one valid object.
Finished Parsing XDC File [D:/Libraries/Documents/Vivado Projects/Lab 7/requirement_4/requirement_4.srcs/constrs_1/new/req4.xdc]
INFO: [Opt 31-138] Pushed 0 inverter(s) to 0 load pin(s).
Netlist sorting complete. Time (s): cpu = 00:00:00 ; elapsed = 00:00:00 . Memory (MB): peak = 1143.809 ; gain = 0.000
INFO: [Project 1-111] Unisim Transformation Summary:
No Unisim elements were transformed.

5 Infos, 26 Warnings, 26 Critical Warnings and 0 Errors encountered.
link_design completed successfully
link_design: Time (s): cpu = 00:00:04 ; elapsed = 00:00:05 . Memory (MB): peak = 1143.809 ; gain = 0.000
Command: opt_design
Attempting to get a license for feature 'Implementation' and/or device 'xc7z007s'
INFO: [Common 17-349] Got license for feature 'Implementation' and/or device 'xc7z007s'
Running DRC as a precondition to command opt_design

Starting DRC Task
INFO: [DRC 23-27] Running DRC with 2 threads
INFO: [Project 1-461] DRC finished with 0 Errors
INFO: [Project 1-462] Please refer to the DRC report (report_drc) for more information.

Time (s): cpu = 00:00:02 ; elapsed = 00:00:01 . Memory (MB): peak = 1143.809 ; gain = 0.000

Starting Cache Timing Information Task
INFO: [Timing 38-35] Done setting XDC timing constraints.
Ending Cache Timing Information Task | Checksum: 2315b0711

Time (s): cpu = 00:00:06 ; elapsed = 00:00:08 . Memory (MB): peak = 1363.703 ; gain = 219.895

Starting Logic Optimization Task

Phase 1 Retarget
INFO: [Opt 31-138] Pushed 0 inverter(s) to 0 load pin(s).
INFO: [Opt 31-49] Retargeted 0 cell(s).
Phase 1 Retarget | Checksum: 2315b0711

Time (s): cpu = 00:00:00 ; elapsed = 00:00:00.127 . Memory (MB): peak = 1581.680 ; gain = 0.000
INFO: [Opt 31-389] Phase Retarget created 0 cells and removed 0 cells

Phase 2 Constant propagation
INFO: [Opt 31-138] Pushed 0 inverter(s) to 0 load pin(s).
Phase 2 Constant propagation | Checksum: 2315b0711

Time (s): cpu = 00:00:00 ; elapsed = 00:00:00.128 . Memory (MB): peak = 1581.680 ; gain = 0.000
INFO: [Opt 31-389] Phase Constant propagation created 0 cells and removed 0 cells

Phase 3 Sweep
Phase 3 Sweep | Checksum: 2315b0711

Time (s): cpu = 00:00:00 ; elapsed = 00:00:00.170 . Memory (MB): peak = 1581.680 ; gain = 0.000
INFO: [Opt 31-389] Phase Sweep created 0 cells and removed 0 cells

Phase 4 BUFG optimization
Phase 4 BUFG optimization | Checksum: 2315b0711

Time (s): cpu = 00:00:00 ; elapsed = 00:00:00.202 . Memory (MB): peak = 1581.680 ; gain = 0.000
INFO: [Opt 31-662] Phase BUFG optimization created 0 cells of which 0 are BUFGs and removed 0 cells.

Phase 5 Shift Register Optimization
INFO: [Opt 31-1064] SRL Remap converted 0 SRLs to 0 registers and converted 0 registers of register chains to 0 SRLs
Phase 5 Shift Register Optimization | Checksum: 2315b0711

Time (s): cpu = 00:00:00 ; elapsed = 00:00:00.203 . Memory (MB): peak = 1581.680 ; gain = 0.000
INFO: [Opt 31-389] Phase Shift Register Optimization created 0 cells and removed 0 cells

Phase 6 Post Processing Netlist
Phase 6 Post Processing Netlist | Checksum: 2315b0711

Time (s): cpu = 00:00:00 ; elapsed = 00:00:00.205 . Memory (MB): peak = 1581.680 ; gain = 0.000
INFO: [Opt 31-389] Phase Post Processing Netlist created 0 cells and removed 0 cells
Opt_design Change Summary
=========================


-------------------------------------------------------------------------------------------------------------------------
|  Phase                        |  #Cells created  |  #Cells Removed  |  #Constrained objects preventing optimizations  |
-------------------------------------------------------------------------------------------------------------------------
|  Retarget                     |               0  |               0  |                                              0  |
|  Constant propagation         |               0  |               0  |                                              0  |
|  Sweep                        |               0  |               0  |                                              0  |
|  BUFG optimization            |               0  |               0  |                                              0  |
|  Shift Register Optimization  |               0  |               0  |                                              0  |
|  Post Processing Netlist      |               0  |               0  |                                              0  |
-------------------------------------------------------------------------------------------------------------------------



Starting Connectivity Check Task

Time (s): cpu = 00:00:00 ; elapsed = 00:00:00 . Memory (MB): peak = 1581.680 ; gain = 0.000
Ending Logic Optimization Task | Checksum: 2315b0711

Time (s): cpu = 00:00:00 ; elapsed = 00:00:00.206 . Memory (MB): peak = 1581.680 ; gain = 0.000

Starting Power Optimization Task
INFO: [Pwropt 34-132] Skipping clock gating for clocks with a period < 2.00 ns.
Ending Power Optimization Task | Checksum: 2315b0711

Time (s): cpu = 00:00:00 ; elapsed = 00:00:00.054 . Memory (MB): peak = 1581.680 ; gain = 0.000

Starting Final Cleanup Task
Ending Final Cleanup Task | Checksum: 2315b0711

Time (s): cpu = 00:00:00 ; elapsed = 00:00:00.020 . Memory (MB): peak = 1581.680 ; gain = 0.000

Starting Netlist Obfuscation Task
Netlist sorting complete. Time (s): cpu = 00:00:00 ; elapsed = 00:00:00 . Memory (MB): peak = 1581.680 ; gain = 0.000
Ending Netlist Obfuscation Task | Checksum: 2315b0711

Time (s): cpu = 00:00:00 ; elapsed = 00:00:00.001 . Memory (MB): peak = 1581.680 ; gain = 0.000
INFO: [Common 17-83] Releasing license: Implementation
22 Infos, 26 Warnings, 26 Critical Warnings and 0 Errors encountered.
opt_design completed successfully
opt_design: Time (s): cpu = 00:00:10 ; elapsed = 00:00:11 . Memory (MB): peak = 1581.680 ; gain = 437.871
INFO: [Timing 38-480] Writing timing data to binary archive.
Writing placer database...
Writing XDEF routing.
Writing XDEF routing logical nets.
Writing XDEF routing special nets.
Write XDEF Complete: Time (s): cpu = 00:00:00 ; elapsed = 00:00:00.046 . Memory (MB): peak = 1581.680 ; gain = 0.000
INFO: [Common 17-1381] The checkpoint 'D:/Libraries/Documents/Vivado Projects/Lab 7/requirement_4/requirement_4.runs/impl_1/pipo_shifter_opt.dcp' has been generated.
INFO: [runtcl-4] Executing : report_drc -file pipo_shifter_drc_opted.rpt -pb pipo_shifter_drc_opted.pb -rpx pipo_shifter_drc_opted.rpx
Command: report_drc -file pipo_shifter_drc_opted.rpt -pb pipo_shifter_drc_opted.pb -rpx pipo_shifter_drc_opted.rpx
INFO: [IP_Flow 19-234] Refreshing IP repositories
INFO: [IP_Flow 19-1704] No user IP repositories specified
INFO: [IP_Flow 19-2313] Loaded Vivado IP repository 'D:/Xilinx/Vivado/2021.1/data/ip'.
INFO: [Timing 38-35] Done setting XDC timing constraints.
INFO: [DRC 23-27] Running DRC with 2 threads
INFO: [Vivado_Tcl 2-168] The results of DRC are in file D:/Libraries/Documents/Vivado Projects/Lab 7/requirement_4/requirement_4.runs/impl_1/pipo_shifter_drc_opted.rpt.
report_drc completed successfully
Command: place_design
Attempting to get a license for feature 'Implementation' and/or device 'xc7z007s'
INFO: [Common 17-349] Got license for feature 'Implementation' and/or device 'xc7z007s'
INFO: [DRC 23-27] Running DRC with 2 threads
INFO: [Vivado_Tcl 4-198] DRC finished with 0 Errors
INFO: [Vivado_Tcl 4-199] Please refer to the DRC report (report_drc) for more information.
Running DRC as a precondition to command place_design
INFO: [DRC 23-27] Running DRC with 2 threads
INFO: [Vivado_Tcl 4-198] DRC finished with 0 Errors
INFO: [Vivado_Tcl 4-199] Please refer to the DRC report (report_drc) for more information.

Starting Placer Task
INFO: [Place 30-611] Multithreading enabled for place_design using a maximum of 2 CPUs

Phase 1 Placer Initialization

Phase 1.1 Placer Initialization Netlist Sorting
Netlist sorting complete. Time (s): cpu = 00:00:00 ; elapsed = 00:00:00 . Memory (MB): peak = 1628.746 ; gain = 0.000
Phase 1.1 Placer Initialization Netlist Sorting | Checksum: 13a7f4793

Time (s): cpu = 00:00:00 ; elapsed = 00:00:00.131 . Memory (MB): peak = 1628.746 ; gain = 0.000
Netlist sorting complete. Time (s): cpu = 00:00:00 ; elapsed = 00:00:00 . Memory (MB): peak = 1628.746 ; gain = 0.000

Phase 1.2 IO Placement/ Clock Placement/ Build Placer Device
Phase 1.2 IO Placement/ Clock Placement/ Build Placer Device | Checksum: 17f0a093b

Time (s): cpu = 00:00:00 ; elapsed = 00:00:00.381 . Memory (MB): peak = 1628.746 ; gain = 0.000

Phase 1.3 Build Placer Netlist Model
Phase 1.3 Build Placer Netlist Model | Checksum: 26821451c

Time (s): cpu = 00:00:00 ; elapsed = 00:00:00.542 . Memory (MB): peak = 1628.746 ; gain = 0.000

Phase 1.4 Constrain Clocks/Macros
Phase 1.4 Constrain Clocks/Macros | Checksum: 26821451c

Time (s): cpu = 00:00:00 ; elapsed = 00:00:00.548 . Memory (MB): peak = 1628.746 ; gain = 0.000
Phase 1 Placer Initialization | Checksum: 26821451c

Time (s): cpu = 00:00:00 ; elapsed = 00:00:00.552 . Memory (MB): peak = 1628.746 ; gain = 0.000

Phase 2 Global Placement

Phase 2.1 Floorplanning
Phase 2.1 Floorplanning | Checksum: 26821451c

Time (s): cpu = 00:00:00 ; elapsed = 00:00:00.561 . Memory (MB): peak = 1628.746 ; gain = 0.000

Phase 2.2 Update Timing before SLR Path Opt
Phase 2.2 Update Timing before SLR Path Opt | Checksum: 26821451c

Time (s): cpu = 00:00:00 ; elapsed = 00:00:00.561 . Memory (MB): peak = 1628.746 ; gain = 0.000

Phase 2.3 Post-Processing in Floorplanning
Phase 2.3 Post-Processing in Floorplanning | Checksum: 26821451c

Time (s): cpu = 00:00:00 ; elapsed = 00:00:00.562 . Memory (MB): peak = 1628.746 ; gain = 0.000

Phase 2.4 Global Placement Core
WARNING: [Place 46-29] place_design is not in timing mode. Skip physical synthesis in placer
Phase 2.4 Global Placement Core | Checksum: 189ce8259

Time (s): cpu = 00:00:01 ; elapsed = 00:00:01 . Memory (MB): peak = 1628.746 ; gain = 0.000
Phase 2 Global Placement | Checksum: 189ce8259

Time (s): cpu = 00:00:01 ; elapsed = 00:00:01 . Memory (MB): peak = 1628.746 ; gain = 0.000

Phase 3 Detail Placement

Phase 3.1 Commit Multi Column Macros
Phase 3.1 Commit Multi Column Macros | Checksum: 189ce8259

Time (s): cpu = 00:00:01 ; elapsed = 00:00:01 . Memory (MB): peak = 1628.746 ; gain = 0.000

Phase 3.2 Commit Most Macros & LUTRAMs
Phase 3.2 Commit Most Macros & LUTRAMs | Checksum: 1b956b99a

Time (s): cpu = 00:00:01 ; elapsed = 00:00:01 . Memory (MB): peak = 1628.746 ; gain = 0.000

Phase 3.3 Area Swap Optimization
Phase 3.3 Area Swap Optimization | Checksum: 1f904ddcd

Time (s): cpu = 00:00:01 ; elapsed = 00:00:01 . Memory (MB): peak = 1628.746 ; gain = 0.000

Phase 3.4 Pipeline Register Optimization
Phase 3.4 Pipeline Register Optimization | Checksum: 1f904ddcd

Time (s): cpu = 00:00:01 ; elapsed = 00:00:01 . Memory (MB): peak = 1628.746 ; gain = 0.000

Phase 3.5 Small Shape Detail Placement
Phase 3.5 Small Shape Detail Placement | Checksum: 1d67ce051

Time (s): cpu = 00:00:01 ; elapsed = 00:00:01 . Memory (MB): peak = 1628.746 ; gain = 0.000

Phase 3.6 Re-assign LUT pins
Phase 3.6 Re-assign LUT pins | Checksum: 1d67ce051

Time (s): cpu = 00:00:01 ; elapsed = 00:00:01 . Memory (MB): peak = 1628.746 ; gain = 0.000

Phase 3.7 Pipeline Register Optimization
Phase 3.7 Pipeline Register Optimization | Checksum: 1d67ce051

Time (s): cpu = 00:00:01 ; elapsed = 00:00:01 . Memory (MB): peak = 1628.746 ; gain = 0.000
Phase 3 Detail Placement | Checksum: 1d67ce051

Time (s): cpu = 00:00:01 ; elapsed = 00:00:01 . Memory (MB): peak = 1628.746 ; gain = 0.000

Phase 4 Post Placement Optimization and Clean-Up

Phase 4.1 Post Commit Optimization
Phase 4.1 Post Commit Optimization | Checksum: 1d67ce051

Time (s): cpu = 00:00:01 ; elapsed = 00:00:01 . Memory (MB): peak = 1628.746 ; gain = 0.000

Phase 4.2 Post Placement Cleanup
Phase 4.2 Post Placement Cleanup | Checksum: 1d67ce051

Time (s): cpu = 00:00:01 ; elapsed = 00:00:01 . Memory (MB): peak = 1628.746 ; gain = 0.000

Phase 4.3 Placer Reporting

Phase 4.3.1 Print Estimated Congestion
INFO: [Place 30-612] Post-Placement Estimated Congestion 
 ____________________________________________________
|           | Global Congestion | Short Congestion  |
| Direction | Region Size       | Region Size       |
|___________|___________________|___________________|
|      North|                1x1|                1x1|
|___________|___________________|___________________|
|      South|                1x1|                1x1|
|___________|___________________|___________________|
|       East|                1x1|                1x1|
|___________|___________________|___________________|
|       West|                1x1|                1x1|
|___________|___________________|___________________|

Phase 4.3.1 Print Estimated Congestion | Checksum: 1d67ce051

Time (s): cpu = 00:00:01 ; elapsed = 00:00:01 . Memory (MB): peak = 1628.746 ; gain = 0.000
Phase 4.3 Placer Reporting | Checksum: 1d67ce051

Time (s): cpu = 00:00:01 ; elapsed = 00:00:01 . Memory (MB): peak = 1628.746 ; gain = 0.000

Phase 4.4 Final Placement Cleanup
Netlist sorting complete. Time (s): cpu = 00:00:00 ; elapsed = 00:00:00 . Memory (MB): peak = 1628.746 ; gain = 0.000

Time (s): cpu = 00:00:01 ; elapsed = 00:00:01 . Memory (MB): peak = 1628.746 ; gain = 0.000
Phase 4 Post Placement Optimization and Clean-Up | Checksum: 1d67ce051

Time (s): cpu = 00:00:01 ; elapsed = 00:00:01 . Memory (MB): peak = 1628.746 ; gain = 0.000
Ending Placer Task | Checksum: 1180a84ac

Time (s): cpu = 00:00:01 ; elapsed = 00:00:01 . Memory (MB): peak = 1628.746 ; gain = 0.000
INFO: [Common 17-83] Releasing license: Implementation
41 Infos, 27 Warnings, 26 Critical Warnings and 0 Errors encountered.
place_design completed successfully
INFO: [Timing 38-480] Writing timing data to binary archive.
Writing placer database...
Writing XDEF routing.
Writing XDEF routing logical nets.
Writing XDEF routing special nets.
Write XDEF Complete: Time (s): cpu = 00:00:00 ; elapsed = 00:00:00.054 . Memory (MB): peak = 1628.746 ; gain = 0.000
INFO: [Common 17-1381] The checkpoint 'D:/Libraries/Documents/Vivado Projects/Lab 7/requirement_4/requirement_4.runs/impl_1/pipo_shifter_placed.dcp' has been generated.
INFO: [runtcl-4] Executing : report_io -file pipo_shifter_io_placed.rpt
report_io: Time (s): cpu = 00:00:00 ; elapsed = 00:00:00.040 . Memory (MB): peak = 1628.746 ; gain = 0.000
INFO: [runtcl-4] Executing : report_utilization -file pipo_shifter_utilization_placed.rpt -pb pipo_shifter_utilization_placed.pb
INFO: [runtcl-4] Executing : report_control_sets -verbose -file pipo_shifter_control_sets_placed.rpt
report_control_sets: Time (s): cpu = 00:00:00 ; elapsed = 00:00:00.001 . Memory (MB): peak = 1628.746 ; gain = 0.000
Command: phys_opt_design
Attempting to get a license for feature 'Implementation' and/or device 'xc7z007s'
INFO: [Common 17-349] Got license for feature 'Implementation' and/or device 'xc7z007s'
INFO: [Timing 38-35] Done setting XDC timing constraints.
INFO: [Vivado_Tcl 4-383] Design worst setup slack (WNS) is greater than or equal to 0.000 ns. Skipping all physical synthesis optimizations.
INFO: [Vivado_Tcl 4-232] No setup violation found. The netlist was not modified.
INFO: [Common 17-83] Releasing license: Implementation
51 Infos, 27 Warnings, 26 Critical Warnings and 0 Errors encountered.
phys_opt_design completed successfully
INFO: [Timing 38-480] Writing timing data to binary archive.
Writing placer database...
Writing XDEF routing.
Writing XDEF routing logical nets.
Writing XDEF routing special nets.
Write XDEF Complete: Time (s): cpu = 00:00:00 ; elapsed = 00:00:00.043 . Memory (MB): peak = 1628.746 ; gain = 0.000
INFO: [Common 17-1381] The checkpoint 'D:/Libraries/Documents/Vivado Projects/Lab 7/requirement_4/requirement_4.runs/impl_1/pipo_shifter_physopt.dcp' has been generated.
Command: route_design
Attempting to get a license for feature 'Implementation' and/or device 'xc7z007s'
INFO: [Common 17-349] Got license for feature 'Implementation' and/or device 'xc7z007s'
Running DRC as a precondition to command route_design
INFO: [DRC 23-27] Running DRC with 2 threads
INFO: [Vivado_Tcl 4-198] DRC finished with 0 Errors
INFO: [Vivado_Tcl 4-199] Please refer to the DRC report (report_drc) for more information.


Starting Routing Task
INFO: [Route 35-254] Multithreading enabled for route_design using a maximum of 2 CPUs
Checksum: PlaceDB: 4a348a35 ConstDB: 0 ShapeSum: cdd5fa77 RouteDB: 0

Phase 1 Build RT Design
Phase 1 Build RT Design | Checksum: ca3a6cf6

Time (s): cpu = 00:00:10 ; elapsed = 00:00:10 . Memory (MB): peak = 1670.352 ; gain = 38.938
Post Restoration Checksum: NetGraph: bc55ad85 NumContArr: de4bf71 Constraints: 0 Timing: 0

Phase 2 Router Initialization

Phase 2.1 Create Timer
Phase 2.1 Create Timer | Checksum: ca3a6cf6

Time (s): cpu = 00:00:10 ; elapsed = 00:00:10 . Memory (MB): peak = 1670.352 ; gain = 38.938

Phase 2.2 Fix Topology Constraints
Phase 2.2 Fix Topology Constraints | Checksum: ca3a6cf6

Time (s): cpu = 00:00:10 ; elapsed = 00:00:10 . Memory (MB): peak = 1676.383 ; gain = 44.969

Phase 2.3 Pre Route Cleanup
Phase 2.3 Pre Route Cleanup | Checksum: ca3a6cf6

Time (s): cpu = 00:00:10 ; elapsed = 00:00:10 . Memory (MB): peak = 1676.383 ; gain = 44.969
 Number of Nodes with overlaps = 0

Phase 2.4 Update Timing
Phase 2.4 Update Timing | Checksum: 98ded0b8

Time (s): cpu = 00:00:10 ; elapsed = 00:00:10 . Memory (MB): peak = 1679.191 ; gain = 47.777
Phase 2 Router Initialization | Checksum: 98ded0b8

Time (s): cpu = 00:00:10 ; elapsed = 00:00:10 . Memory (MB): peak = 1679.191 ; gain = 47.777

Router Utilization Summary
  Global Vertical Routing Utilization    = 0 %
  Global Horizontal Routing Utilization  = 0 %
  Routable Net Status*
  *Does not include unroutable nets such as driverless and loadless.
  Run report_route_status for detailed report.
  Number of Failed Nets               = 26
    (Failed Nets is the sum of unrouted and partially routed nets)
  Number of Unrouted Nets             = 26
  Number of Partially Routed Nets     = 0
  Number of Node Overlaps             = 0


Phase 3 Initial Routing

Phase 3.1 Global Routing
Phase 3.1 Global Routing | Checksum: 98ded0b8

Time (s): cpu = 00:00:10 ; elapsed = 00:00:10 . Memory (MB): peak = 1679.434 ; gain = 48.020
Phase 3 Initial Routing | Checksum: 126d30cbf

Time (s): cpu = 00:00:10 ; elapsed = 00:00:10 . Memory (MB): peak = 1679.434 ; gain = 48.020

Phase 4 Rip-up And Reroute

Phase 4.1 Global Iteration 0
 Number of Nodes with overlaps = 1
 Number of Nodes with overlaps = 0
Phase 4.1 Global Iteration 0 | Checksum: 169cd7e91

Time (s): cpu = 00:00:10 ; elapsed = 00:00:10 . Memory (MB): peak = 1679.434 ; gain = 48.020
Phase 4 Rip-up And Reroute | Checksum: 169cd7e91

Time (s): cpu = 00:00:10 ; elapsed = 00:00:10 . Memory (MB): peak = 1679.434 ; gain = 48.020

Phase 5 Delay and Skew Optimization

Phase 5.1 Delay CleanUp
Phase 5.1 Delay CleanUp | Checksum: 169cd7e91

Time (s): cpu = 00:00:10 ; elapsed = 00:00:10 . Memory (MB): peak = 1679.434 ; gain = 48.020

Phase 5.2 Clock Skew Optimization
Phase 5.2 Clock Skew Optimization | Checksum: 169cd7e91

Time (s): cpu = 00:00:10 ; elapsed = 00:00:10 . Memory (MB): peak = 1679.434 ; gain = 48.020
Phase 5 Delay and Skew Optimization | Checksum: 169cd7e91

Time (s): cpu = 00:00:10 ; elapsed = 00:00:10 . Memory (MB): peak = 1679.434 ; gain = 48.020

Phase 6 Post Hold Fix

Phase 6.1 Hold Fix Iter

Phase 6.1.1 Update Timing
Phase 6.1.1 Update Timing | Checksum: 169cd7e91

Time (s): cpu = 00:00:10 ; elapsed = 00:00:10 . Memory (MB): peak = 1679.434 ; gain = 48.020
Phase 6.1 Hold Fix Iter | Checksum: 169cd7e91

Time (s): cpu = 00:00:10 ; elapsed = 00:00:10 . Memory (MB): peak = 1679.434 ; gain = 48.020
Phase 6 Post Hold Fix | Checksum: 169cd7e91

Time (s): cpu = 00:00:10 ; elapsed = 00:00:10 . Memory (MB): peak = 1679.434 ; gain = 48.020

Phase 7 Route finalize

Router Utilization Summary
  Global Vertical Routing Utilization    = 0.0361768 %
  Global Horizontal Routing Utilization  = 0.0103401 %
  Routable Net Status*
  *Does not include unroutable nets such as driverless and loadless.
  Run report_route_status for detailed report.
  Number of Failed Nets               = 0
    (Failed Nets is the sum of unrouted and partially routed nets)
  Number of Unrouted Nets             = 0
  Number of Partially Routed Nets     = 0
  Number of Node Overlaps             = 0

Phase 7 Route finalize | Checksum: 169cd7e91

Time (s): cpu = 00:00:10 ; elapsed = 00:00:10 . Memory (MB): peak = 1679.434 ; gain = 48.020

Phase 8 Verifying routed nets

 Verification completed successfully
Phase 8 Verifying routed nets | Checksum: 169cd7e91

Time (s): cpu = 00:00:10 ; elapsed = 00:00:10 . Memory (MB): peak = 1680.477 ; gain = 49.062

Phase 9 Depositing Routes
Phase 9 Depositing Routes | Checksum: 169cd7e91

Time (s): cpu = 00:00:10 ; elapsed = 00:00:10 . Memory (MB): peak = 1680.477 ; gain = 49.062

Phase 10 Post Router Timing
Phase 10 Post Router Timing | Checksum: 169cd7e91

Time (s): cpu = 00:00:10 ; elapsed = 00:00:10 . Memory (MB): peak = 1680.477 ; gain = 49.062
INFO: [Route 35-16] Router Completed Successfully

Time (s): cpu = 00:00:10 ; elapsed = 00:00:10 . Memory (MB): peak = 1680.477 ; gain = 49.062

Routing Is Done.
INFO: [Common 17-83] Releasing license: Implementation
60 Infos, 27 Warnings, 26 Critical Warnings and 0 Errors encountered.
route_design completed successfully
route_design: Time (s): cpu = 00:00:11 ; elapsed = 00:00:11 . Memory (MB): peak = 1680.477 ; gain = 51.730
INFO: [Timing 38-480] Writing timing data to binary archive.
Writing placer database...
Writing XDEF routing.
Writing XDEF routing logical nets.
Writing XDEF routing special nets.
Write XDEF Complete: Time (s): cpu = 00:00:00 ; elapsed = 00:00:00.046 . Memory (MB): peak = 1690.277 ; gain = 9.801
INFO: [Common 17-1381] The checkpoint 'D:/Libraries/Documents/Vivado Projects/Lab 7/requirement_4/requirement_4.runs/impl_1/pipo_shifter_routed.dcp' has been generated.
INFO: [runtcl-4] Executing : report_drc -file pipo_shifter_drc_routed.rpt -pb pipo_shifter_drc_routed.pb -rpx pipo_shifter_drc_routed.rpx
Command: report_drc -file pipo_shifter_drc_routed.rpt -pb pipo_shifter_drc_routed.pb -rpx pipo_shifter_drc_routed.rpx
INFO: [IP_Flow 19-1839] IP Catalog is up to date.
INFO: [DRC 23-27] Running DRC with 2 threads
INFO: [Vivado_Tcl 2-168] The results of DRC are in file D:/Libraries/Documents/Vivado Projects/Lab 7/requirement_4/requirement_4.runs/impl_1/pipo_shifter_drc_routed.rpt.
report_drc completed successfully
INFO: [runtcl-4] Executing : report_methodology -file pipo_shifter_methodology_drc_routed.rpt -pb pipo_shifter_methodology_drc_routed.pb -rpx pipo_shifter_methodology_drc_routed.rpx
Command: report_methodology -file pipo_shifter_methodology_drc_routed.rpt -pb pipo_shifter_methodology_drc_routed.pb -rpx pipo_shifter_methodology_drc_routed.rpx
INFO: [Timing 38-35] Done setting XDC timing constraints.
INFO: [DRC 23-133] Running Methodology with 2 threads
INFO: [Vivado_Tcl 2-1520] The results of Report Methodology are in file D:/Libraries/Documents/Vivado Projects/Lab 7/requirement_4/requirement_4.runs/impl_1/pipo_shifter_methodology_drc_routed.rpt.
report_methodology completed successfully
INFO: [runtcl-4] Executing : report_power -file pipo_shifter_power_routed.rpt -pb pipo_shifter_power_summary_routed.pb -rpx pipo_shifter_power_routed.rpx
Command: report_power -file pipo_shifter_power_routed.rpt -pb pipo_shifter_power_summary_routed.pb -rpx pipo_shifter_power_routed.rpx
INFO: [Timing 38-35] Done setting XDC timing constraints.
Running Vector-less Activity Propagation...

Finished Running Vector-less Activity Propagation
72 Infos, 27 Warnings, 26 Critical Warnings and 0 Errors encountered.
report_power completed successfully
INFO: [runtcl-4] Executing : report_route_status -file pipo_shifter_route_status.rpt -pb pipo_shifter_route_status.pb
INFO: [runtcl-4] Executing : report_timing_summary -max_paths 10 -file pipo_shifter_timing_summary_routed.rpt -pb pipo_shifter_timing_summary_routed.pb -rpx pipo_shifter_timing_summary_routed.rpx -warn_on_violation 
INFO: [Timing 38-91] UpdateTimingParams: Speed grade: -1, Delay Type: min_max.
INFO: [Timing 38-191] Multithreading enabled for timing update using a maximum of 2 CPUs
INFO: [runtcl-4] Executing : report_incremental_reuse -file pipo_shifter_incremental_reuse_routed.rpt
INFO: [Vivado_Tcl 4-1062] Incremental flow is disabled. No incremental reuse Info to report.
INFO: [runtcl-4] Executing : report_clock_utilization -file pipo_shifter_clock_utilization_routed.rpt
INFO: [runtcl-4] Executing : report_bus_skew -warn_on_violation -file pipo_shifter_bus_skew_routed.rpt -pb pipo_shifter_bus_skew_routed.pb -rpx pipo_shifter_bus_skew_routed.rpx
INFO: [Timing 38-91] UpdateTimingParams: Speed grade: -1, Delay Type: min_max.
INFO: [Timing 38-191] Multithreading enabled for timing update using a maximum of 2 CPUs
Command: write_bitstream -force pipo_shifter.bit
Attempting to get a license for feature 'Implementation' and/or device 'xc7z007s'
INFO: [Common 17-349] Got license for feature 'Implementation' and/or device 'xc7z007s'
Running DRC as a precondition to command write_bitstream
INFO: [IP_Flow 19-1839] IP Catalog is up to date.
INFO: [DRC 23-27] Running DRC with 2 threads
WARNING: [DRC ZPS7-1] PS7 block required: The PS7 cell must be used in this Zynq design in order to enable correct default configuration.
INFO: [Vivado 12-3199] DRC finished with 0 Errors, 1 Warnings
INFO: [Vivado 12-3200] Please refer to the DRC report (report_drc) for more information.
INFO: [Designutils 20-2272] Running write_bitstream with 2 threads.
Loading data files...
Loading site data...
Loading route data...
Processing options...
Creating bitmap...
Creating bitstream...
Writing bitstream ./pipo_shifter.bit...
INFO: [Vivado 12-1842] Bitgen Completed Successfully.
INFO: [#UNDEF] WebTalk data collection is mandatory when using a WebPACK part without a full Vivado license. To see the specific WebTalk data collected for your design, open the usage_statistics_webtalk.html or usage_statistics_webtalk.xml file in the implementation directory.
Access is denied.
Access is denied.
INFO: [Common 17-83] Releasing license: Implementation
12 Infos, 1 Warnings, 0 Critical Warnings and 0 Errors encountered.
write_bitstream completed successfully
write_bitstream: Time (s): cpu = 00:00:09 ; elapsed = 00:00:09 . Memory (MB): peak = 2156.441 ; gain = 425.621
INFO: [Common 17-206] Exiting Vivado at Thu Oct 21 23:06:45 2021...
