#-----------------------------------------------------------
# Vivado v2021.1 (64-bit)
# SW Build 3247384 on Thu Jun 10 19:36:33 MDT 2021
# IP Build 3246043 on Fri Jun 11 00:30:35 MDT 2021
# Start of session at: Wed Sep 29 20:15:52 2021
# Process ID: 16216
# Current directory: D:/Libraries/Documents/Vivado Projects/Lab 4/requirement_4
# Command line: vivado.exe -gui_launcher_event rodinguilauncherevent3184 D:\Libraries\Documents\Vivado Projects\Lab 4\requirement_4\requirement_4.xpr
# Log file: D:/Libraries/Documents/Vivado Projects/Lab 4/requirement_4/vivado.log
# Journal file: D:/Libraries/Documents/Vivado Projects/Lab 4/requirement_4\vivado.jou
#-----------------------------------------------------------
start_gui
open_project {D:/Libraries/Documents/Vivado Projects/Lab 4/requirement_4/requirement_4.xpr}
WARNING: [filemgmt 56-3] Default IP Output Path : Could not find the directory 'D:/Libraries/Documents/Vivado Projects/Lab 4/requirement_4/requirement_4.gen/sources_1'.
Scanning sources...
Finished scanning sources
INFO: [IP_Flow 19-234] Refreshing IP repositories
INFO: [IP_Flow 19-1704] No user IP repositories specified
INFO: [IP_Flow 19-2313] Loaded Vivado IP repository 'D:/Xilinx/Vivado/2021.1/data/ip'.
update_compile_order -fileset sources_1
exit
INFO: [Common 17-206] Exiting Vivado at Wed Sep 29 20:16:25 2021...
